2024-07-09 19:53:48,225 [INFO] Activator:176 - 


2024-07-09 19:53:48,234 [INFO] Activator:177 - !SESSION log4j initialized
2024-07-09 19:53:57,397 [INFO] LogOutputStream:77 - [STDOUT_REDIRECT] 
2024-07-09 19:54:04,872 [INFO] ApplicationProperties:184 - Using Application install path: C:\Users\Kago\Desktop\STM32CubeIDE_1.13.2\STM32CubeIDE\plugins\com.st.stm32cube.common.mx_6.9.2.202309101412
2024-07-09 19:54:04,904 [INFO] DbMcusXml:78 - Set database path to: C:\Users\Kago\Desktop\STM32CubeIDE_1.13.2\STM32CubeIDE\plugins\com.st.stm32cube.common.mx_6.9.2.202309101412\\db\/mcu/
2024-07-09 19:54:04,905 [INFO] ApiDb:274 - Set plugin database path to: C:\Users\Kago\Desktop\STM32CubeIDE_1.13.2\STM32CubeIDE\plugins\com.st.stm32cube.common.mx_6.9.2.202309101412\\db\/plugins/boardmanager/
2024-07-09 19:54:04,906 [WARN] ApiDb:259 - Overriding images path with different value:  => C:\Users\Kago\Desktop\STM32CubeIDE_1.13.2\STM32CubeIDE\plugins\com.st.stm32cube.common.mx_6.9.2.202309101412\\db\/plugins/mcufinder/images/
2024-07-09 19:54:04,923 [INFO] ApiDb:250 - Set database path to: C:\Users\Kago\.stmcufinder\plugins\mcufinder//mcu/
2024-07-09 19:54:04,925 [INFO] DbMcusAds:125 - Set database path to: C:\Users\Kago\.stmcufinder\plugins\mcufinder//mcu/
2024-07-09 19:54:04,928 [INFO] CrossReferenceDbSqlite:203 - Set database path to: C:\Users\Kago\.stmcufinder\plugins\mcufinder//mcu/cs/
2024-07-09 19:54:05,101 [INFO] RulesReader:64 - Compatibility file has been processed (293 Rules)
2024-07-09 19:54:05,223 [INFO] DbMcusXml:78 - Set database path to: C:\Users\Kago\Desktop\STM32CubeIDE_1.13.2\STM32CubeIDE\plugins\com.st.stm32cube.common.mx_6.9.2.202309101412\\db\/mcu/
2024-07-09 19:54:05,223 [INFO] ApiDb:274 - Set plugin database path to: C:\Users\Kago\Desktop\STM32CubeIDE_1.13.2\STM32CubeIDE\plugins\com.st.stm32cube.common.mx_6.9.2.202309101412\\db\/plugins/boardmanager/
2024-07-09 19:54:05,223 [INFO] ApiDb:261 - Set plugin images path to: C:\Users\Kago\Desktop\STM32CubeIDE_1.13.2\STM32CubeIDE\plugins\com.st.stm32cube.common.mx_6.9.2.202309101412\\db\/plugins/mcufinder/images/
2024-07-09 19:54:05,224 [WARN] DbFile:41 - Overriding database path with different value: C:\Users\Kago\.stmcufinder\plugins\mcufinder/ => C:\Users\Kago\.stmcufinder\plugins\mcufinder
2024-07-09 19:54:05,224 [INFO] ApiDb:250 - Set database path to: C:\Users\Kago\.stmcufinder\plugins\mcufinder//mcu/
2024-07-09 19:54:05,224 [WARN] DbFile:41 - Overriding database path with different value: C:\Users\Kago\.stmcufinder\plugins\mcufinder/ => C:\Users\Kago\.stmcufinder\plugins\mcufinder
2024-07-09 19:54:05,224 [INFO] DbMcusAds:125 - Set database path to: C:\Users\Kago\.stmcufinder\plugins\mcufinder//mcu/
2024-07-09 19:54:05,224 [WARN] DbFile:41 - Overriding database path with different value: C:\Users\Kago\.stmcufinder\plugins\mcufinder/ => C:\Users\Kago\.stmcufinder\plugins\mcufinder
2024-07-09 19:54:05,224 [WARN] DbFile:41 - Overriding database path with different value: C:\Users\Kago\.stmcufinder\plugins\mcufinder/ => C:\Users\Kago\.stmcufinder\plugins\mcufinder
2024-07-09 19:54:05,224 [INFO] CrossReferenceDbSqlite:203 - Set database path to: C:\Users\Kago\.stmcufinder\plugins\mcufinder//mcu/cs/
2024-07-09 19:54:05,354 [INFO] MainPanel:262 - HeapMemory: 268435456
2024-07-09 19:54:05,513 [INFO] DbMcusXml:78 - Set database path to: C:\Users\Kago\Desktop\STM32CubeIDE_1.13.2\STM32CubeIDE\plugins\com.st.stm32cube.common.mx_6.9.2.202309101412\\db\/mcu/
2024-07-09 19:54:05,513 [INFO] ApiDb:274 - Set plugin database path to: C:\Users\Kago\Desktop\STM32CubeIDE_1.13.2\STM32CubeIDE\plugins\com.st.stm32cube.common.mx_6.9.2.202309101412\\db\/plugins/boardmanager/
2024-07-09 19:54:05,513 [INFO] ApiDb:261 - Set plugin images path to: C:\Users\Kago\Desktop\STM32CubeIDE_1.13.2\STM32CubeIDE\plugins\com.st.stm32cube.common.mx_6.9.2.202309101412\\db\/plugins/mcufinder/images/
2024-07-09 19:54:05,514 [WARN] DbFile:41 - Overriding database path with different value: C:\Users\Kago\.stmcufinder\plugins\mcufinder/ => C:\Users\Kago\.stmcufinder\plugins\mcufinder
2024-07-09 19:54:05,514 [INFO] ApiDb:250 - Set database path to: C:\Users\Kago\.stmcufinder\plugins\mcufinder//mcu/
2024-07-09 19:54:05,515 [WARN] DbFile:41 - Overriding database path with different value: C:\Users\Kago\.stmcufinder\plugins\mcufinder/ => C:\Users\Kago\.stmcufinder\plugins\mcufinder
2024-07-09 19:54:05,515 [INFO] DbMcusAds:125 - Set database path to: C:\Users\Kago\.stmcufinder\plugins\mcufinder//mcu/
2024-07-09 19:54:05,515 [WARN] DbFile:41 - Overriding database path with different value: C:\Users\Kago\.stmcufinder\plugins\mcufinder/ => C:\Users\Kago\.stmcufinder\plugins\mcufinder
2024-07-09 19:54:05,515 [WARN] DbFile:41 - Overriding database path with different value: C:\Users\Kago\.stmcufinder\plugins\mcufinder/ => C:\Users\Kago\.stmcufinder\plugins\mcufinder
2024-07-09 19:54:05,515 [INFO] CrossReferenceDbSqlite:203 - Set database path to: C:\Users\Kago\.stmcufinder\plugins\mcufinder//mcu/cs/
2024-07-09 19:54:05,546 [INFO] ApplicationProperties:184 - Using Application install path: C:\Users\Kago\Desktop\STM32CubeIDE_1.13.2\STM32CubeIDE\plugins\com.st.stm32cube.common.mx_6.9.2.202309101412
2024-07-09 19:54:05,548 [INFO] PluginManage:196 - Search for loadable plugins [exclusion list=, ]
2024-07-09 19:54:05,551 [INFO] PluginManage:310 - Check plugin analytics
2024-07-09 19:54:10,366 [INFO] AnalyticsPlugin:253 - Accepted Software Licenses: 
2024-07-09 19:54:10,366 [INFO] AnalyticsPlugin:255 - Accepted CMSIS Pack Licenses: 
2024-07-09 19:54:10,367 [INFO] AnalyticsPlugin:257 - Accepted Firmware Licenses: 
2024-07-09 19:54:10,373 [INFO] PluginManage:359 - Loaded plugin analytics (category:tool,tabindex:-1)
2024-07-09 19:54:10,374 [INFO] PluginManage:310 - Check plugin cadmodel
2024-07-09 19:54:10,383 [INFO] CADModel:105 - Init CAD model plugin
2024-07-09 19:54:10,383 [INFO] PluginManage:359 - Loaded plugin cadmodel (category:power,tabindex:5)
2024-07-09 19:54:10,384 [INFO] PluginManage:310 - Check plugin clock
2024-07-09 19:54:10,400 [INFO] PluginManage:359 - Loaded plugin clock (category:base,tabindex:2)
2024-07-09 19:54:10,400 [INFO] PluginManage:310 - Check plugin ddr
2024-07-09 19:54:10,404 [INFO] PluginManage:359 - Loaded plugin ddr (category:tool,tabindex:6)
2024-07-09 19:54:10,404 [INFO] PluginManage:310 - Check plugin filemanager
2024-07-09 19:54:10,610 [INFO] PluginManage:359 - Loaded plugin filemanager (category:base,tabindex:10)
2024-07-09 19:54:10,610 [INFO] PluginManage:310 - Check plugin ipmanager
2024-07-09 19:54:10,621 [INFO] PluginManage:359 - Loaded plugin ipmanager (category:base,tabindex:5)
2024-07-09 19:54:10,622 [INFO] PluginManage:310 - Check plugin lpbam
2024-07-09 19:54:10,637 [INFO] PluginManage:359 - Loaded plugin lpbam (category:base,tabindex:0)
2024-07-09 19:54:10,637 [INFO] PluginManage:310 - Check plugin memorymap
2024-07-09 19:54:10,659 [INFO] PluginManage:359 - Loaded plugin memorymap (category:base,tabindex:4)
2024-07-09 19:54:10,659 [INFO] PluginManage:310 - Check plugin pinoutandconfiguration
2024-07-09 19:54:10,670 [INFO] PluginManage:359 - Loaded plugin pinoutandconfiguration (category:base,tabindex:1)
2024-07-09 19:54:10,670 [INFO] PluginManage:310 - Check plugin pinoutconfig
2024-07-09 19:54:10,788 [WARN] SupportedApi:132 - Cannot load RTOS API schema: s4s-elt-must-match.1: The content of 'definitions' must match (annotation?, (simpleType | complexType)?, (unique | key | keyref)*)). A problem was found starting at: attribute.
2024-07-09 19:54:10,976 [INFO] PluginManage:359 - Loaded plugin pinoutconfig (category:base,tabindex:0)
2024-07-09 19:54:10,976 [INFO] PluginManage:310 - Check plugin power
2024-07-09 19:54:10,994 [INFO] PluginManage:359 - Loaded plugin power (category:power,tabindex:4)
2024-07-09 19:54:10,994 [INFO] PluginManage:310 - Check plugin projectmanager
2024-07-09 19:54:11,017 [INFO] PluginManage:359 - Loaded plugin projectmanager (category:projectmanager,tabindex:3)
2024-07-09 19:54:11,018 [INFO] PluginManage:310 - Check plugin thirdparty
2024-07-09 19:54:11,242 [INFO] PluginManage:359 - Loaded plugin thirdparty (category:base,tabindex:-1)
2024-07-09 19:54:11,242 [WARN] IntegrityCheckThread:84 - waiting for thirdparty lock release [integrity check]
2024-07-09 19:54:11,243 [INFO] PluginManage:310 - Check plugin tools
2024-07-09 19:54:11,243 [INFO] IntegrityCheckThread:86 - entering critical section [integrity check]
2024-07-09 19:54:11,244 [INFO] ThirdPartyUpdaterWithRetryManager:70 - Updater plugin not ready yet. [1/15]
2024-07-09 19:54:11,247 [INFO] PluginManage:359 - Loaded plugin tools (category:base,tabindex:7)
2024-07-09 19:54:11,247 [INFO] PluginManage:310 - Check plugin tutovideos
2024-07-09 19:54:11,520 [INFO] PluginManage:359 - Loaded plugin tutovideos (category:base,tabindex:-1)
2024-07-09 19:54:11,520 [INFO] PluginManage:310 - Check plugin updater
2024-07-09 19:54:11,537 [INFO] PluginManage:359 - Loaded plugin updater (category:base,tabindex:12)
2024-07-09 19:54:11,537 [INFO] PluginManage:310 - Check plugin userauth
2024-07-09 19:54:11,545 [INFO] UserAuth:113 - Init User Auth plugin
2024-07-09 19:54:11,545 [INFO] PluginManage:359 - Loaded plugin userauth (category:base,tabindex:14)
2024-07-09 19:54:11,546 [INFO] PluginManage:283 - PluginManage : Loaded plugins [17]
2024-07-09 19:54:11,864 [INFO] PinOutPanel:1499 - setPackage(No Configuration,No Configuration)
2024-07-09 19:54:12,003 [INFO] CADModel:165 - CPN selected for project level
2024-07-09 19:54:12,003 [INFO] CADModel:114 - Register for checkConnection events
2024-07-09 19:54:12,026 [INFO] IPUIPlugin:80 - create IPUIPlugin
2024-07-09 19:54:12,026 [INFO] PluginManager:220 - loadIPPluginJar : add adc
2024-07-09 19:54:12,029 [INFO] IPUIPlugin:80 - create IPUIPlugin
2024-07-09 19:54:12,030 [INFO] PluginManager:220 - loadIPPluginJar : add aes
2024-07-09 19:54:12,033 [INFO] IPUIPlugin:80 - create IPUIPlugin
2024-07-09 19:54:12,033 [INFO] PluginManager:220 - loadIPPluginJar : add can
2024-07-09 19:54:12,036 [INFO] IPUIPlugin:80 - create IPUIPlugin
2024-07-09 19:54:12,036 [INFO] PluginManager:220 - loadIPPluginJar : add comp
2024-07-09 19:54:12,039 [INFO] IPUIPlugin:80 - create IPUIPlugin
2024-07-09 19:54:12,040 [INFO] PluginManager:220 - loadIPPluginJar : add cryp
2024-07-09 19:54:12,043 [INFO] IPUIPlugin:80 - create IPUIPlugin
2024-07-09 19:54:12,043 [INFO] PluginManager:220 - loadIPPluginJar : add dfsdm
2024-07-09 19:54:12,050 [INFO] IPUIPlugin:80 - create IPUIPlugin
2024-07-09 19:54:12,051 [INFO] PluginManager:220 - loadIPPluginJar : add dma
2024-07-09 19:54:12,054 [INFO] IPUIPlugin:80 - create IPUIPlugin
2024-07-09 19:54:12,054 [INFO] PluginManager:220 - loadIPPluginJar : add dma3
2024-07-09 19:54:12,057 [INFO] IPUIPlugin:80 - create IPUIPlugin
2024-07-09 19:54:12,057 [INFO] PluginManager:220 - loadIPPluginJar : add fatfs
2024-07-09 19:54:12,062 [INFO] IPUIPlugin:80 - create IPUIPlugin
2024-07-09 19:54:12,062 [INFO] PluginManager:220 - loadIPPluginJar : add fmc
2024-07-09 19:54:12,069 [INFO] IPUIPlugin:80 - create IPUIPlugin
2024-07-09 19:54:12,070 [INFO] PluginManager:220 - loadIPPluginJar : add freertos
2024-07-09 19:54:12,072 [INFO] IPUIPlugin:80 - create IPUIPlugin
2024-07-09 19:54:12,072 [INFO] PluginManager:220 - loadIPPluginJar : add genericplugin
2024-07-09 19:54:12,075 [INFO] IPUIPlugin:80 - create IPUIPlugin
2024-07-09 19:54:12,075 [INFO] PluginManager:220 - loadIPPluginJar : add gfxmmu
2024-07-09 19:54:12,081 [INFO] IPUIPlugin:80 - create IPUIPlugin
2024-07-09 19:54:12,081 [INFO] PluginManager:220 - loadIPPluginJar : add gic
2024-07-09 19:54:12,088 [INFO] IPUIPlugin:80 - create IPUIPlugin
2024-07-09 19:54:12,088 [INFO] PluginManager:220 - loadIPPluginJar : add gpio
2024-07-09 19:54:12,092 [INFO] IPUIPlugin:80 - create IPUIPlugin
2024-07-09 19:54:12,092 [INFO] PluginManager:220 - loadIPPluginJar : add gtzc
2024-07-09 19:54:12,096 [INFO] IPUIPlugin:80 - create IPUIPlugin
2024-07-09 19:54:12,096 [INFO] PluginManager:220 - loadIPPluginJar : add hash
2024-07-09 19:54:12,099 [INFO] IPUIPlugin:80 - create IPUIPlugin
2024-07-09 19:54:12,100 [INFO] PluginManager:220 - loadIPPluginJar : add i2c
2024-07-09 19:54:12,103 [INFO] IPUIPlugin:80 - create IPUIPlugin
2024-07-09 19:54:12,104 [INFO] PluginManager:220 - loadIPPluginJar : add i2s
2024-07-09 19:54:12,107 [INFO] IPUIPlugin:80 - create IPUIPlugin
2024-07-09 19:54:12,108 [INFO] PluginManager:220 - loadIPPluginJar : add i3c
2024-07-09 19:54:12,112 [INFO] IPUIPlugin:80 - create IPUIPlugin
2024-07-09 19:54:12,112 [INFO] PluginManager:220 - loadIPPluginJar : add ipddr
2024-07-09 19:54:12,123 [INFO] IPUIPlugin:80 - create IPUIPlugin
2024-07-09 19:54:12,123 [INFO] PluginManager:220 - loadIPPluginJar : add linkedlist
2024-07-09 19:54:12,126 [INFO] IPUIPlugin:80 - create IPUIPlugin
2024-07-09 19:54:12,127 [INFO] PluginManager:220 - loadIPPluginJar : add lorawan
2024-07-09 19:54:12,129 [INFO] IPUIPlugin:80 - create IPUIPlugin
2024-07-09 19:54:12,129 [INFO] PluginManager:220 - loadIPPluginJar : add ltdc
2024-07-09 19:54:12,138 [INFO] IPUIPlugin:80 - create IPUIPlugin
2024-07-09 19:54:12,139 [INFO] PluginManager:220 - loadIPPluginJar : add mdma
2024-07-09 19:54:12,145 [INFO] IPUIPlugin:80 - create IPUIPlugin
2024-07-09 19:54:12,145 [INFO] PluginManager:220 - loadIPPluginJar : add nvic
2024-07-09 19:54:12,149 [INFO] IPUIPlugin:80 - create IPUIPlugin
2024-07-09 19:54:12,149 [INFO] PluginManager:220 - loadIPPluginJar : add opamp
2024-07-09 19:54:12,153 [INFO] IPUIPlugin:80 - create IPUIPlugin
2024-07-09 19:54:12,154 [INFO] PluginManager:220 - loadIPPluginJar : add openamp
2024-07-09 19:54:12,160 [INFO] IPUIPlugin:80 - create IPUIPlugin
2024-07-09 19:54:12,160 [INFO] PluginManager:220 - loadIPPluginJar : add pdm2pcm
2024-07-09 19:54:12,168 [INFO] IPUIPlugin:80 - create IPUIPlugin
2024-07-09 19:54:12,171 [INFO] PluginManager:220 - loadIPPluginJar : add plateformsettings
2024-07-09 19:54:12,173 [INFO] IPUIPlugin:80 - create IPUIPlugin
2024-07-09 19:54:12,173 [INFO] PluginManager:220 - loadIPPluginJar : add quadspi
2024-07-09 19:54:12,179 [INFO] IPUIPlugin:80 - create IPUIPlugin
2024-07-09 19:54:12,179 [INFO] PluginManager:220 - loadIPPluginJar : add resmgrutility
2024-07-09 19:54:12,184 [INFO] IPUIPlugin:80 - create IPUIPlugin
2024-07-09 19:54:12,184 [INFO] PluginManager:220 - loadIPPluginJar : add sai
2024-07-09 19:54:12,190 [INFO] IPUIPlugin:80 - create IPUIPlugin
2024-07-09 19:54:12,190 [INFO] PluginManager:220 - loadIPPluginJar : add spi
2024-07-09 19:54:12,198 [INFO] IPUIPlugin:80 - create IPUIPlugin
2024-07-09 19:54:12,198 [INFO] PluginManager:220 - loadIPPluginJar : add stm32_wpan
2024-07-09 19:54:12,201 [INFO] IPUIPlugin:80 - create IPUIPlugin
2024-07-09 19:54:12,201 [INFO] PluginManager:220 - loadIPPluginJar : add tim
2024-07-09 19:54:12,206 [INFO] IPUIPlugin:80 - create IPUIPlugin
2024-07-09 19:54:12,206 [INFO] PluginManager:220 - loadIPPluginJar : add touchsensing
2024-07-09 19:54:12,209 [INFO] IPUIPlugin:80 - create IPUIPlugin
2024-07-09 19:54:12,209 [INFO] PluginManager:220 - loadIPPluginJar : add tracer_emb
2024-07-09 19:54:12,212 [INFO] IPUIPlugin:80 - create IPUIPlugin
2024-07-09 19:54:12,212 [INFO] PluginManager:220 - loadIPPluginJar : add ts
2024-07-09 19:54:12,215 [INFO] IPUIPlugin:80 - create IPUIPlugin
2024-07-09 19:54:12,215 [INFO] PluginManager:220 - loadIPPluginJar : add tsc
2024-07-09 19:54:12,219 [INFO] IPUIPlugin:80 - create IPUIPlugin
2024-07-09 19:54:12,219 [INFO] PluginManager:220 - loadIPPluginJar : add ucpd
2024-07-09 19:54:12,225 [INFO] IPUIPlugin:80 - create IPUIPlugin
2024-07-09 19:54:12,225 [INFO] PluginManager:220 - loadIPPluginJar : add usart
2024-07-09 19:54:12,229 [INFO] IPUIPlugin:80 - create IPUIPlugin
2024-07-09 19:54:12,229 [INFO] PluginManager:220 - loadIPPluginJar : add usbx
2024-07-09 19:54:12,376 [INFO] CADModel:165 - CPN selected for project level
2024-07-09 19:54:12,376 [INFO] CADModel:114 - Register for checkConnection events
2024-07-09 19:54:12,377 [FATAL] Updater:308 - Updater called before beeing initialized
2024-07-09 19:54:12,377 [ERROR] CADModel:125 - Updater not yet initialized, retry later 
2024-07-09 19:54:12,584 [INFO] CADModel:165 - CPN selected for project level
2024-07-09 19:54:12,584 [INFO] CADModel:114 - Register for checkConnection events
2024-07-09 19:54:12,584 [FATAL] Updater:308 - Updater called before beeing initialized
2024-07-09 19:54:12,584 [ERROR] CADModel:125 - Updater not yet initialized, retry later 
2024-07-09 19:54:12,590 [FATAL] Updater:308 - Updater called before beeing initialized
2024-07-09 19:54:12,763 [FATAL] Updater:308 - Updater called before beeing initialized
2024-07-09 19:54:12,774 [INFO] DbMcusAds:53 - JSON generation date=Thu May 16 05:22:01 EDT 2024 (1715851321109)
2024-07-09 19:54:12,775 [FATAL] Updater:308 - Updater called before beeing initialized
2024-07-09 19:54:12,836 [WARN] DetailPanel:346 - Failed to get advertising image, set to default
2024-07-09 19:54:12,978 [FATAL] Updater:308 - Updater called before beeing initialized
2024-07-09 19:54:12,981 [FATAL] Updater:308 - Updater called before beeing initialized
2024-07-09 19:54:12,981 [FATAL] Updater:308 - Updater called before beeing initialized
2024-07-09 19:54:12,981 [WARN] DetailPanel:346 - Failed to get advertising image, set to default
2024-07-09 19:54:12,984 [FATAL] Updater:308 - Updater called before beeing initialized
2024-07-09 19:54:13,051 [ERROR] Updater:1120 - MainUpdater not yet initialized. External WinMGr cannot be set.
2024-07-09 19:54:13,055 [INFO] Updater:1056 - Updater Version found : 6.9.2
2024-07-09 19:54:13,080 [INFO] ApplicationProperties:184 - Using Application install path: C:\Users\Kago\Desktop\STM32CubeIDE_1.13.2\STM32CubeIDE\plugins\com.st.stm32cube.common.mx_6.9.2.202309101412
2024-07-09 19:54:13,539 [INFO] MainUpdater:2868 - connection check result : 10
2024-07-09 19:54:13,540 [INFO] MainUpdater:285 - Updater Check For Update Now.
2024-07-09 19:54:13,540 [INFO] MicroXplorer:498 - Change Database Version : DB.6.0.92
2024-07-09 19:54:13,549 [INFO] McuFinderGlobals:63 - Set McuFinder mode to 2 (CubeIDE integrated)
2024-07-09 19:54:13,549 [INFO] UserAuth:179 - activating auth plugin
2024-07-09 19:54:13,553 [INFO] UserAuth:393 - Internet connection configuration mode: 1
2024-07-09 19:54:13,584 [INFO] JxBrowserEngine:151 - Initiate JxBrowser Engine with user profile folder
2024-07-09 19:54:13,774 [INFO] CheckServerUpdateThread:120 - End of CheckServer Thread
2024-07-09 19:54:14,580 [WARN] PackLoader:240 - Cannot read IP mode file for STMicroelectronics.FP-SNS-MOTENVWB1.1.4.0
2024-07-09 19:54:14,599 [WARN] PackLoader:240 - Cannot read IP mode file for STMicroelectronics.X-CUBE-SMBUS.2.1.0
2024-07-09 19:54:14,607 [WARN] PackLoader:240 - Cannot read IP mode file for STMicroelectronics.X-CUBE-TOUCHGFX.4.23.2
2024-07-09 19:54:14,659 [WARN] PackLoader:240 - Cannot read IP mode file for STMicroelectronics.X-CUBE-AZRTOS-F7.1.1.0
2024-07-09 19:54:14,675 [WARN] PackLoader:240 - Cannot read IP mode file for STMicroelectronics.FP-SNS-FLIGHT1.5.0.2
2024-07-09 19:54:14,691 [WARN] PackLoader:240 - Cannot read IP mode file for STMicroelectronics.X-CUBE-DISPLAY.3.0.0
2024-07-09 19:54:14,714 [WARN] PackLoader:240 - Cannot read IP mode file for STMicroelectronics.X-CUBE-BLE1.7.0.0
2024-07-09 19:54:14,727 [WARN] PackLoader:240 - Cannot read IP mode file for emotas.I-CUBE-CANOPEN.1.3.0
2024-07-09 19:54:14,752 [WARN] PackLoader:240 - Cannot read IP mode file for STMicroelectronics.X-CUBE-BLEMGR.3.1.0
2024-07-09 19:54:14,777 [WARN] PackLoader:240 - Cannot read IP mode file for STMicroelectronics.FP-SNS-SMARTAG2.1.2.0
2024-07-09 19:54:14,795 [INFO] LogOutputStream:77 - [STDOUT_REDIRECT] 1 : Invalid condition id : UX_CORESTACK_Condition cause : null
2024-07-09 19:54:14,795 [INFO] LogOutputStream:77 - [STDOUT_REDIRECT] 1 : Invalid condition id : UX_CORESTACK_Condition cause : null
2024-07-09 19:54:14,797 [INFO] LogOutputStream:77 - [STDOUT_REDIRECT] 1 : Invalid condition id : UX_CORESTACK_Condition cause : null
2024-07-09 19:54:14,799 [INFO] LogOutputStream:77 - [STDOUT_REDIRECT] 1 : Invalid condition id : UX_CORESTACK_Condition cause : null
2024-07-09 19:54:14,801 [INFO] LogOutputStream:77 - [STDOUT_REDIRECT] 1 : Invalid condition id : UX_CORESTACK_Condition cause : null
2024-07-09 19:54:14,808 [WARN] PackLoader:240 - Cannot read IP mode file for STMicroelectronics.X-CUBE-AZRTOS-WL.2.0.0
2024-07-09 19:54:14,817 [WARN] PackLoader:240 - Cannot read IP mode file for STMicroelectronics.FP-SNS-MOTENV1.5.0.0
2024-07-09 19:54:14,826 [WARN] PackLoader:240 - Cannot read IP mode file for wolfSSL.I-CUBE-wolfMQTT.1.19.0
2024-07-09 19:54:14,833 [INFO] WebApp:157 - Instantiating new browser for Auth
2024-07-09 19:54:14,838 [WARN] PackLoader:240 - Cannot read IP mode file for WES.I-CUBE-Cesium.1.3.0
2024-07-09 19:54:14,846 [WARN] PackLoader:240 - Cannot read IP mode file for STMicroelectronics.X-CUBE-BLE2.3.3.0
2024-07-09 19:54:14,867 [WARN] PackLoader:240 - Cannot read IP mode file for STMicroelectronics.X-CUBE-TCPP.4.1.0
2024-07-09 19:54:14,905 [WARN] PackLoader:240 - Cannot read IP mode file for STMicroelectronics.X-CUBE-AZRTOS-G0.1.1.0
2024-07-09 19:54:14,920 [WARN] PackLoader:240 - Cannot read IP mode file for STMicroelectronics.X-CUBE-SAFEA1.1.2.2
2024-07-09 19:54:14,929 [WARN] PackLoader:240 - Cannot read IP mode file for STMicroelectronics.X-CUBE-NFC4.3.0.0
2024-07-09 19:54:14,935 [ERROR] Engine:466 - C:\Users\Kago\.stm32cubemx\thirdparties\pdsc\EmbeddedOffice.I-CUBE-FS-RTOS.1.0.1.pdsc: PDSC version is not supported
2024-07-09 19:54:14,939 [ERROR] Engine:466 - C:\Users\Kago\.stm32cubemx\thirdparties\pdsc\RealThread.X-CUBE-RT-Thread_Nano.4.1.1.pdsc: PDSC version is not supported
2024-07-09 19:54:14,944 [WARN] PackLoader:240 - Cannot read IP mode file for wolfSSL.I-CUBE-wolfSSL.5.7.0
2024-07-09 19:54:14,950 [WARN] PackLoader:240 - Cannot read IP mode file for STMicroelectronics.FP-ATR-SIGFOX1.3.2.0
2024-07-09 19:54:14,966 [WARN] PackLoader:240 - Cannot read IP mode file for STMicroelectronics.X-CUBE-EEPRMA1.5.1.0
2024-07-09 19:54:14,982 [WARN] PackLoader:240 - Cannot read IP mode file for ITTIA_DB.I-CUBE-ITTIADB.8.9.0
2024-07-09 19:54:15,046 [WARN] PackLoader:240 - Cannot read IP mode file for SEGGER.I-CUBE-embOS.1.3.1
2024-07-09 19:54:15,182 [WARN] PackLoader:240 - Cannot read IP mode file for STMicroelectronics.X-CUBE-ALGOBUILD.1.4.0
2024-07-09 19:54:15,204 [WARN] PackLoader:240 - Cannot read IP mode file for STMicroelectronics.X-CUBE-GNSS1.6.0.0
2024-07-09 19:54:15,267 [WARN] PackLoader:240 - Cannot read IP mode file for STMicroelectronics.X-CUBE-AZRTOS-F4.1.1.0
2024-07-09 19:54:15,283 [WARN] PackLoader:240 - Cannot read IP mode file for STMicroelectronics.X-CUBE-FREERTOS.1.2.0
2024-07-09 19:54:15,316 [WARN] PackLoader:240 - Cannot read IP mode file for STMicroelectronics.X-CUBE-AZRTOS-L5.2.0.0
2024-07-09 19:54:15,332 [WARN] PackLoader:240 - Cannot read IP mode file for STMicroelectronics.X-CUBE-NFC6.3.1.0
2024-07-09 19:54:15,341 [ERROR] Engine:466 - C:\Users\Kago\.stm32cubemx\thirdparties\pdsc\STMicroelectronics.X-CUBE-DPower.1.2.0.pdsc: PDSC version is not supported
2024-07-09 19:54:15,348 [WARN] PackLoader:240 - Cannot read IP mode file for STMicroelectronics.X-CUBE-AI.9.0.0
2024-07-09 19:54:15,354 [WARN] PackLoader:240 - Cannot read IP mode file for STMicroelectronics.X-CUBE-NFC7.1.0.1
2024-07-09 19:54:15,361 [WARN] PackLoader:240 - Cannot read IP mode file for wolfSSL.I-CUBE-wolfTPM.3.2.0
2024-07-09 19:54:15,386 [WARN] ConditionMgr:438 - getConditionDescription Invalid condition id : LAN8742 Phy interface Condition cause : null
2024-07-09 19:54:15,387 [WARN] PackLoader:240 - Cannot read IP mode file for STMicroelectronics.X-CUBE-AZRTOS-L4.2.0.0
2024-07-09 19:54:15,389 [WARN] ConditionMgr:1039 - genDependencies : Invalid condition id : LAN8742 Phy interface Condition cause : null
2024-07-09 19:54:15,390 [WARN] ConditionMgr:1039 - genDependencies : Invalid condition id : LAN8742 Phy interface Condition cause : null
2024-07-09 19:54:15,391 [WARN] ConditionMgr:1039 - genDependencies : Invalid condition id : LAN8742 Phy interface Condition cause : null
2024-07-09 19:54:15,403 [WARN] PackLoader:240 - Cannot read IP mode file for STMicroelectronics.X-CUBE-SFXS2LP1.4.0.0
2024-07-09 19:54:15,419 [WARN] ConditionMgr:438 - getConditionDescription Invalid condition id : UX DEVICE CLASS RTOS Condition cause : null
2024-07-09 19:54:15,419 [WARN] ConditionMgr:438 - getConditionDescription Invalid condition id : UX DEVICE CLASS RTOS Condition cause : null
2024-07-09 19:54:15,421 [WARN] PackLoader:240 - Cannot read IP mode file for STMicroelectronics.X-CUBE-AZRTOS-WB.2.0.0
2024-07-09 19:54:15,422 [WARN] ConditionMgr:1039 - genDependencies : Invalid condition id : UX DEVICE CLASS RTOS Condition cause : null
2024-07-09 19:54:15,422 [WARN] ConditionMgr:1039 - genDependencies : Invalid condition id : UX DEVICE CLASS RTOS Condition cause : null
2024-07-09 19:54:15,428 [WARN] ConditionMgr:1039 - genDependencies : Invalid condition id : UX DEVICE CLASS RTOS Condition cause : null
2024-07-09 19:54:15,429 [WARN] ConditionMgr:1039 - genDependencies : Invalid condition id : UX DEVICE CLASS RTOS Condition cause : null
2024-07-09 19:54:15,429 [WARN] ConditionMgr:1039 - genDependencies : Invalid condition id : UX DEVICE CLASS RTOS Condition cause : null
2024-07-09 19:54:15,450 [WARN] PackLoader:240 - Cannot read IP mode file for STMicroelectronics.X-CUBE-SUBG2.5.0.0
2024-07-09 19:54:15,464 [WARN] PackLoader:240 - Cannot read IP mode file for Cesanta.I-CUBE-Mongoose.7.13.0
2024-07-09 19:54:15,482 [WARN] PackLoader:240 - Cannot read IP mode file for STMicroelectronics.X-CUBE-AZRTOS-G4.2.0.0
2024-07-09 19:54:15,492 [WARN] PackLoader:240 - Cannot read IP mode file for STMicroelectronics.X-CUBE-ISPU.2.0.0
2024-07-09 19:54:15,498 [WARN] PackLoader:240 - Cannot read IP mode file for STMicroelectronics.X-CUBE-ALS.1.0.2
2024-07-09 19:54:15,551 [WARN] PackLoader:240 - Cannot read IP mode file for STMicroelectronics.X-CUBE-MEMS1.10.0.0
2024-07-09 19:54:15,703 [WARN] PackLoader:240 - Cannot read IP mode file for STMicroelectronics.X-CUBE-TOUCHGFX.4.24.0
2024-07-09 19:54:15,711 [WARN] PackLoader:240 - Cannot read IP mode file for portGmbH.I-Cube-SoM-uGOAL.1.1.0
2024-07-09 19:54:15,750 [WARN] PackLoader:240 - Cannot read IP mode file for STMicroelectronics.X-CUBE-AZRTOS-H7RS.1.0.0
2024-07-09 19:54:15,761 [WARN] PackLoader:240 - Cannot read IP mode file for STMicroelectronics.FP-ATR-ASTRA1.2.0.0
2024-07-09 19:54:15,786 [WARN] PackLoader:240 - Cannot read IP mode file for STMicroelectronics.X-CUBE-TOF1.3.4.1
2024-07-09 19:54:15,842 [WARN] PackLoader:240 - Cannot read IP mode file for STMicroelectronics.X-CUBE-AZRTOS-H7.3.2.0
2024-07-09 19:54:15,881 [WARN] PackLoader:240 - Cannot read IP mode file for Infineon.AIROC-Wi-Fi-Bluetooth-STM32.1.6.0
2024-07-09 19:54:15,890 [INFO] ThirdParty:978 - Integrity check success = true
2024-07-09 19:54:15,890 [INFO] IntegrityCheckThread:100 - exiting critical section [integrity check]
2024-07-09 19:54:15,890 [INFO] IntegrityCheckThread:103 - End integrity checks thread
2024-07-09 19:54:16,177 [INFO] WebApp:753 - Register for checkConnection events
2024-07-09 19:54:16,178 [INFO] WebApp:390 - Apply proxy settings
2024-07-09 19:54:16,178 [INFO] WebApp:475 - Chromium requires no authentication
2024-07-09 19:54:16,191 [INFO] WebApp:418 - Direct internet connection detected
2024-07-09 19:54:16,413 [INFO] WebApp:188 - Starting web application
2024-07-09 19:54:16,414 [INFO] WebApp:520 - Web application path used C:\Users\Kago\Desktop\STM32CubeIDE_1.13.2\STM32CubeIDE\plugins\com.st.stm32cube.common.mx_6.9.2.202309101412\db\plugins\mcufinder\reactClient1\index.html
