2024-07-22 00:08:25,804 [ERROR] LogOutputStream:75 - [STDERR_REDIRECT] Exception in thread "AWT-EventQueue-0" java.awt.IllegalComponentStateException: component must be showing on the screen to determine its location
2024-07-22 00:08:25,811 [ERROR] LogOutputStream:75 - [STDERR_REDIRECT] 	at java.desktop/java.awt.Component.getLocationOnScreen_NoTreeLock(Component.java:2113)
2024-07-22 00:08:25,812 [ERROR] LogOutputStream:75 - [STDERR_REDIRECT] 	at java.desktop/java.awt.Component.getLocationOnScreen(Component.java:2087)
2024-07-22 00:08:25,813 [ERROR] LogOutputStream:75 - [STDERR_REDIRECT] 	at java.desktop/javax.swing.JPopupMenu.show(JPopupMenu.java:963)
2024-07-22 00:08:25,814 [ERROR] LogOutputStream:75 - [STDERR_REDIRECT] 	at java.desktop/javax.swing.plaf.basic.BasicComboPopup.show(BasicComboPopup.java:235)
2024-07-22 00:08:25,816 [ERROR] LogOutputStream:75 - [STDERR_REDIRECT] 	at java.desktop/javax.swing.plaf.basic.BasicComboPopup.togglePopup(BasicComboPopup.java:1257)
2024-07-22 00:08:25,818 [ERROR] LogOutputStream:75 - [STDERR_REDIRECT] 	at java.desktop/javax.swing.plaf.basic.BasicComboPopup$Handler.mousePressed(BasicComboPopup.java:936)
2024-07-22 00:08:25,819 [ERROR] LogOutputStream:75 - [STDERR_REDIRECT] 	at java.desktop/java.awt.Component.processMouseEvent(Component.java:6623)
2024-07-22 00:08:25,820 [ERROR] LogOutputStream:75 - [STDERR_REDIRECT] 	at java.desktop/javax.swing.JComponent.processMouseEvent(JComponent.java:3389)
2024-07-22 00:08:25,821 [ERROR] LogOutputStream:75 - [STDERR_REDIRECT] 	at java.desktop/java.awt.Component.processEvent(Component.java:6391)
2024-07-22 00:08:25,822 [ERROR] LogOutputStream:75 - [STDERR_REDIRECT] 	at java.desktop/java.awt.Container.processEvent(Container.java:2266)
2024-07-22 00:08:25,823 [ERROR] LogOutputStream:75 - [STDERR_REDIRECT] 	at java.desktop/java.awt.Component.dispatchEventImpl(Component.java:5001)
2024-07-22 00:08:25,825 [ERROR] LogOutputStream:75 - [STDERR_REDIRECT] 	at java.desktop/java.awt.Container.dispatchEventImpl(Container.java:2324)
2024-07-22 00:08:25,826 [ERROR] LogOutputStream:75 - [STDERR_REDIRECT] 	at java.desktop/java.awt.Component.dispatchEvent(Component.java:4833)
2024-07-22 00:08:25,827 [ERROR] LogOutputStream:75 - [STDERR_REDIRECT] 	at java.desktop/javax.swing.plaf.basic.BasicTableUI$Handler.repostEvent(BasicTableUI.java:987)
2024-07-22 00:08:25,829 [ERROR] LogOutputStream:75 - [STDERR_REDIRECT] 	at java.desktop/javax.swing.plaf.basic.BasicTableUI$Handler.adjustSelection(BasicTableUI.java:1149)
2024-07-22 00:08:25,830 [ERROR] LogOutputStream:75 - [STDERR_REDIRECT] 	at java.desktop/javax.swing.plaf.basic.BasicTableUI$Handler.mousePressed(BasicTableUI.java:1077)
2024-07-22 00:08:25,832 [ERROR] LogOutputStream:75 - [STDERR_REDIRECT] 	at java.desktop/java.awt.AWTEventMulticaster.mousePressed(AWTEventMulticaster.java:288)
2024-07-22 00:08:25,833 [ERROR] LogOutputStream:75 - [STDERR_REDIRECT] 	at java.desktop/java.awt.AWTEventMulticaster.mousePressed(AWTEventMulticaster.java:287)
2024-07-22 00:08:25,835 [ERROR] LogOutputStream:75 - [STDERR_REDIRECT] 	at java.desktop/java.awt.AWTEventMulticaster.mousePressed(AWTEventMulticaster.java:287)
2024-07-22 00:08:25,836 [ERROR] LogOutputStream:75 - [STDERR_REDIRECT] 	at java.desktop/java.awt.AWTEventMulticaster.mousePressed(AWTEventMulticaster.java:287)
2024-07-22 00:08:25,837 [ERROR] LogOutputStream:75 - [STDERR_REDIRECT] 	at java.desktop/java.awt.Component.processMouseEvent(Component.java:6623)
2024-07-22 00:08:25,838 [ERROR] LogOutputStream:75 - [STDERR_REDIRECT] 	at java.desktop/javax.swing.JComponent.processMouseEvent(JComponent.java:3389)
2024-07-22 00:08:25,839 [ERROR] LogOutputStream:75 - [STDERR_REDIRECT] 	at java.desktop/java.awt.Component.processEvent(Component.java:6391)
2024-07-22 00:08:25,841 [ERROR] LogOutputStream:75 - [STDERR_REDIRECT] 	at java.desktop/java.awt.Container.processEvent(Container.java:2266)
2024-07-22 00:08:25,842 [ERROR] LogOutputStream:75 - [STDERR_REDIRECT] 	at java.desktop/java.awt.Component.dispatchEventImpl(Component.java:5001)
2024-07-22 00:08:25,843 [ERROR] LogOutputStream:75 - [STDERR_REDIRECT] 	at java.desktop/java.awt.Container.dispatchEventImpl(Container.java:2324)
2024-07-22 00:08:25,844 [ERROR] LogOutputStream:75 - [STDERR_REDIRECT] 	at java.desktop/java.awt.Component.dispatchEvent(Component.java:4833)
2024-07-22 00:08:25,846 [ERROR] LogOutputStream:75 - [STDERR_REDIRECT] 	at java.desktop/java.awt.LightweightDispatcher.retargetMouseEvent(Container.java:4948)
2024-07-22 00:08:25,847 [ERROR] LogOutputStream:75 - [STDERR_REDIRECT] 	at java.desktop/java.awt.LightweightDispatcher.processMouseEvent(Container.java:4572)
2024-07-22 00:08:25,848 [ERROR] LogOutputStream:75 - [STDERR_REDIRECT] 	at java.desktop/java.awt.LightweightDispatcher.dispatchEvent(Container.java:4516)
2024-07-22 00:08:25,850 [ERROR] LogOutputStream:75 - [STDERR_REDIRECT] 	at java.desktop/java.awt.Container.dispatchEventImpl(Container.java:2310)
2024-07-22 00:08:25,851 [ERROR] LogOutputStream:75 - [STDERR_REDIRECT] 	at java.desktop/java.awt.Component.dispatchEvent(Component.java:4833)
2024-07-22 00:08:25,852 [ERROR] LogOutputStream:75 - [STDERR_REDIRECT] 	at java.desktop/java.awt.EventQueue.dispatchEventImpl(EventQueue.java:773)
2024-07-22 00:08:25,853 [ERROR] LogOutputStream:75 - [STDERR_REDIRECT] 	at java.desktop/java.awt.EventQueue$4.run(EventQueue.java:722)
2024-07-22 00:08:25,854 [ERROR] LogOutputStream:75 - [STDERR_REDIRECT] 	at java.desktop/java.awt.EventQueue$4.run(EventQueue.java:716)
2024-07-22 00:08:25,855 [ERROR] LogOutputStream:75 - [STDERR_REDIRECT] 	at java.base/java.security.AccessController.doPrivileged(AccessController.java:399)
2024-07-22 00:08:25,857 [ERROR] LogOutputStream:75 - [STDERR_REDIRECT] 	at java.base/java.security.ProtectionDomain$JavaSecurityAccessImpl.doIntersectionPrivilege(ProtectionDomain.java:86)
2024-07-22 00:08:25,859 [ERROR] LogOutputStream:75 - [STDERR_REDIRECT] 	at java.base/java.security.ProtectionDomain$JavaSecurityAccessImpl.doIntersectionPrivilege(ProtectionDomain.java:97)
2024-07-22 00:08:25,860 [ERROR] LogOutputStream:75 - [STDERR_REDIRECT] 	at java.desktop/java.awt.EventQueue$5.run(EventQueue.java:746)
2024-07-22 00:08:25,861 [ERROR] LogOutputStream:75 - [STDERR_REDIRECT] 	at java.desktop/java.awt.EventQueue$5.run(EventQueue.java:744)
2024-07-22 00:08:25,862 [ERROR] LogOutputStream:75 - [STDERR_REDIRECT] 	at java.base/java.security.AccessController.doPrivileged(AccessController.java:399)
2024-07-22 00:08:25,864 [ERROR] LogOutputStream:75 - [STDERR_REDIRECT] 	at java.base/java.security.ProtectionDomain$JavaSecurityAccessImpl.doIntersectionPrivilege(ProtectionDomain.java:86)
2024-07-22 00:08:25,865 [ERROR] LogOutputStream:75 - [STDERR_REDIRECT] 	at java.desktop/java.awt.EventQueue.dispatchEvent(EventQueue.java:743)
2024-07-22 00:08:25,867 [ERROR] LogOutputStream:75 - [STDERR_REDIRECT] 	at java.desktop/java.awt.EventDispatchThread.pumpOneEventForFilters(EventDispatchThread.java:203)
2024-07-22 00:08:25,868 [ERROR] LogOutputStream:75 - [STDERR_REDIRECT] 	at java.desktop/java.awt.EventDispatchThread.pumpEventsForFilter(EventDispatchThread.java:124)
2024-07-22 00:08:25,870 [ERROR] LogOutputStream:75 - [STDERR_REDIRECT] 	at java.desktop/java.awt.EventDispatchThread.pumpEventsForHierarchy(EventDispatchThread.java:113)
2024-07-22 00:08:25,871 [ERROR] LogOutputStream:75 - [STDERR_REDIRECT] 	at java.desktop/java.awt.EventDispatchThread.pumpEvents(EventDispatchThread.java:109)
2024-07-22 00:08:25,873 [ERROR] LogOutputStream:75 - [STDERR_REDIRECT] 	at java.desktop/java.awt.EventDispatchThread.pumpEvents(EventDispatchThread.java:101)
2024-07-22 00:08:25,874 [ERROR] LogOutputStream:75 - [STDERR_REDIRECT] 	at java.desktop/java.awt.EventDispatchThread.run(EventDispatchThread.java:90)
2024-07-22 00:08:27,107 [INFO] NvicIntPanel:101 - NVIC parent = com.st.microxplorer.plugins.ip.nvic.MultiNvicIntPanel[,0,0,0x0,invalid,layout=javax.swing.BoxLayout,alignmentX=0.0,alignmentY=0.0,border=,flags=9,maximumSize=,minimumSize=,preferredSize=]
2024-07-22 00:08:31,046 [INFO] NvicIntPanel:101 - NVIC parent = com.st.microxplorer.plugins.ip.nvic.MultiNvicIntPanel[,0,0,0x0,invalid,layout=javax.swing.BoxLayout,alignmentX=0.0,alignmentY=0.0,border=,flags=9,maximumSize=,minimumSize=,preferredSize=]
2024-07-22 00:08:47,074 [INFO] UtilMem:75 - End SaveConfig() Used Memory: 433751352 Bytes (1073741824)
2024-07-22 00:08:47,883 [INFO] UtilMem:75 - End SaveConfig() Used Memory: 353561328 Bytes (1045430272)
2024-07-22 00:08:48,095 [INFO] BlockDiagram:2759 - set Specific Code input for plugin: NVIC
2024-07-22 00:08:48,095 [INFO] BlockDiagram:2759 - set Specific Code input for plugin: USART
2024-07-22 00:08:48,095 [INFO] BlockDiagram:2759 - set Specific Code input for plugin: TIM1_8
2024-07-22 00:08:48,095 [INFO] BlockDiagram:2759 - set Specific Code input for plugin: SYS
2024-07-22 00:08:48,095 [INFO] BlockDiagram:2759 - set Specific Code input for plugin: GPIO
2024-07-22 00:08:48,095 [INFO] BlockDiagram:2759 - set Specific Code input for plugin: RCC
2024-07-22 00:08:48,097 [INFO] CodeGenerator:799 - code generatio: config db path: C:\Users\Kago\Desktop\STM32CubeIDE_1.13.2\STM32CubeIDE\plugins\com.st.stm32cube.common.mx_6.9.2.202309101412\\db\
2024-07-22 00:08:48,270 [INFO] CodeEngine:255 - oldGeneratedFile, C:\Users\Kago\Desktop\ECE298\stm32_ide_workspace\HCSR04_Test\MXTmpFiles\license.tmp_save
2024-07-22 00:08:48,388 [INFO] CodeEngine:279 - Generated code: C:\Users\Kago\Desktop\ECE298\stm32_ide_workspace\HCSR04_Test\MXTmpFiles\license.tmp
2024-07-22 00:08:48,407 [INFO] CodeEngine:255 - oldGeneratedFile, C:\Users\Kago\Desktop\ECE298\stm32_ide_workspace\HCSR04_Test\MXTmpFiles\gpio.tmp_save
2024-07-22 00:08:48,531 [INFO] CodeEngine:279 - Generated code: C:\Users\Kago\Desktop\ECE298\stm32_ide_workspace\HCSR04_Test\MXTmpFiles\gpio.tmp
2024-07-22 00:08:48,596 [INFO] CodeEngine:255 - oldGeneratedFile, C:\Users\Kago\Desktop\ECE298\stm32_ide_workspace\HCSR04_Test\Core\Src\stm32f4xx_it.c_save
2024-07-22 00:08:48,755 [INFO] CodeEngine:279 - Generated code: C:\Users\Kago\Desktop\ECE298\stm32_ide_workspace\HCSR04_Test\Core\Src\stm32f4xx_it.c
2024-07-22 00:08:48,765 [INFO] CodeEngine:255 - oldGeneratedFile, C:\Users\Kago\Desktop\ECE298\stm32_ide_workspace\HCSR04_Test\Core\Inc\stm32f4xx_it.h_save
2024-07-22 00:08:48,905 [INFO] CodeEngine:279 - Generated code: C:\Users\Kago\Desktop\ECE298\stm32_ide_workspace\HCSR04_Test\Core\Inc\stm32f4xx_it.h
2024-07-22 00:08:48,919 [INFO] CodeEngine:255 - oldGeneratedFile, C:\Users\Kago\Desktop\ECE298\stm32_ide_workspace\HCSR04_Test\Core\Src\stm32f4xx_hal_msp.c_save
2024-07-22 00:08:49,093 [INFO] CodeEngine:279 - Generated code: C:\Users\Kago\Desktop\ECE298\stm32_ide_workspace\HCSR04_Test\Core\Src\stm32f4xx_hal_msp.c
2024-07-22 00:08:49,101 [INFO] CodeEngine:255 - oldGeneratedFile, C:\Users\Kago\Desktop\ECE298\stm32_ide_workspace\HCSR04_Test\MXTmpFiles\system.tmp_save
2024-07-22 00:08:49,218 [INFO] CodeEngine:279 - Generated code: C:\Users\Kago\Desktop\ECE298\stm32_ide_workspace\HCSR04_Test\MXTmpFiles\system.tmp
2024-07-22 00:08:49,227 [INFO] CodeEngine:311 - oldGeneratedFile, C:\Users\Kago\Desktop\ECE298\stm32_ide_workspace\HCSR04_Test\Core\Inc\stm32f4xx_hal_conf.h_save
2024-07-22 00:08:49,365 [INFO] CodeEngine:335 - Generated code: C:\Users\Kago\Desktop\ECE298\stm32_ide_workspace\HCSR04_Test\Core\Inc\stm32f4xx_hal_conf.h
2024-07-22 00:08:49,383 [WARN] IPConfigManager:3431 - IP not found : TIM
2024-07-22 00:08:49,384 [WARN] CodeGenerator:3764 - IP not found : null
2024-07-22 00:08:49,391 [INFO] CodeEngine:255 - oldGeneratedFile, C:\Users\Kago\Desktop\ECE298\stm32_ide_workspace\HCSR04_Test\Core\Inc\main.h_save
2024-07-22 00:08:49,512 [INFO] CodeEngine:279 - Generated code: C:\Users\Kago\Desktop\ECE298\stm32_ide_workspace\HCSR04_Test\Core\Inc\main.h
2024-07-22 00:08:49,518 [INFO] CodeEngine:255 - oldGeneratedFile, C:\Users\Kago\Desktop\ECE298\stm32_ide_workspace\HCSR04_Test\Core\Src\main.c_save
2024-07-22 00:08:49,682 [INFO] CodeEngine:279 - Generated code: C:\Users\Kago\Desktop\ECE298\stm32_ide_workspace\HCSR04_Test\Core\Src\main.c
2024-07-22 00:08:50,193 [INFO] ProjectBuilder:3064 - Time for Copy HAL[1] : 123mS.
2024-07-22 00:08:50,196 [INFO] ProjectBuilder:4404 - Project Generator version: 4.1.0
2024-07-22 00:08:50,420 [INFO] ConfigFileManager:1457 - The Die is : DIE433
2024-07-22 00:08:52,076 [INFO] ProjectBuilder:4626 - Time for Generating toolchain IDE Files: 1879mS.
2024-07-22 00:08:52,077 [INFO] ProjectBuilder:2935 - Time for Copy CMSIS : 1mS.
2024-07-22 00:08:52,081 [INFO] ProjectBuilder:2935 - Time for Copy CMSIS : 0mS.
2024-07-22 00:24:12,965 [INFO] UtilMem:75 - End SaveConfig() Used Memory: 657183040 Bytes (1073741824)
2024-07-22 00:24:13,183 [INFO] BlockDiagram:2759 - set Specific Code input for plugin: NVIC
2024-07-22 00:24:13,183 [INFO] BlockDiagram:2759 - set Specific Code input for plugin: USART
2024-07-22 00:24:13,183 [INFO] BlockDiagram:2759 - set Specific Code input for plugin: TIM1_8
2024-07-22 00:24:13,184 [INFO] BlockDiagram:2759 - set Specific Code input for plugin: SYS
2024-07-22 00:24:13,184 [INFO] BlockDiagram:2759 - set Specific Code input for plugin: GPIO
2024-07-22 00:24:13,184 [INFO] BlockDiagram:2759 - set Specific Code input for plugin: RCC
2024-07-22 00:24:13,186 [INFO] CodeGenerator:799 - code generatio: config db path: C:\Users\Kago\Desktop\STM32CubeIDE_1.13.2\STM32CubeIDE\plugins\com.st.stm32cube.common.mx_6.9.2.202309101412\\db\
2024-07-22 00:24:13,349 [INFO] CodeEngine:255 - oldGeneratedFile, C:\Users\Kago\Desktop\ECE298\stm32_ide_workspace\HCSR04_Test\MXTmpFiles\license.tmp_save
2024-07-22 00:24:13,511 [INFO] CodeEngine:279 - Generated code: C:\Users\Kago\Desktop\ECE298\stm32_ide_workspace\HCSR04_Test\MXTmpFiles\license.tmp
2024-07-22 00:24:13,531 [INFO] CodeEngine:255 - oldGeneratedFile, C:\Users\Kago\Desktop\ECE298\stm32_ide_workspace\HCSR04_Test\MXTmpFiles\gpio.tmp_save
2024-07-22 00:24:13,690 [INFO] CodeEngine:279 - Generated code: C:\Users\Kago\Desktop\ECE298\stm32_ide_workspace\HCSR04_Test\MXTmpFiles\gpio.tmp
2024-07-22 00:24:13,856 [INFO] CodeEngine:255 - oldGeneratedFile, C:\Users\Kago\Desktop\ECE298\stm32_ide_workspace\HCSR04_Test\Core\Src\stm32f4xx_it.c_save
2024-07-22 00:24:14,094 [INFO] CodeEngine:279 - Generated code: C:\Users\Kago\Desktop\ECE298\stm32_ide_workspace\HCSR04_Test\Core\Src\stm32f4xx_it.c
2024-07-22 00:24:14,101 [INFO] CodeEngine:255 - oldGeneratedFile, C:\Users\Kago\Desktop\ECE298\stm32_ide_workspace\HCSR04_Test\Core\Inc\stm32f4xx_it.h_save
2024-07-22 00:24:14,265 [INFO] CodeEngine:279 - Generated code: C:\Users\Kago\Desktop\ECE298\stm32_ide_workspace\HCSR04_Test\Core\Inc\stm32f4xx_it.h
2024-07-22 00:24:14,278 [INFO] CodeEngine:255 - oldGeneratedFile, C:\Users\Kago\Desktop\ECE298\stm32_ide_workspace\HCSR04_Test\Core\Src\stm32f4xx_hal_msp.c_save
2024-07-22 00:24:14,524 [INFO] CodeEngine:279 - Generated code: C:\Users\Kago\Desktop\ECE298\stm32_ide_workspace\HCSR04_Test\Core\Src\stm32f4xx_hal_msp.c
2024-07-22 00:24:14,529 [INFO] CodeEngine:255 - oldGeneratedFile, C:\Users\Kago\Desktop\ECE298\stm32_ide_workspace\HCSR04_Test\MXTmpFiles\system.tmp_save
2024-07-22 00:24:14,671 [INFO] CodeEngine:279 - Generated code: C:\Users\Kago\Desktop\ECE298\stm32_ide_workspace\HCSR04_Test\MXTmpFiles\system.tmp
2024-07-22 00:24:14,683 [INFO] CodeEngine:311 - oldGeneratedFile, C:\Users\Kago\Desktop\ECE298\stm32_ide_workspace\HCSR04_Test\Core\Inc\stm32f4xx_hal_conf.h_save
2024-07-22 00:24:14,844 [INFO] CodeEngine:335 - Generated code: C:\Users\Kago\Desktop\ECE298\stm32_ide_workspace\HCSR04_Test\Core\Inc\stm32f4xx_hal_conf.h
2024-07-22 00:24:14,864 [WARN] IPConfigManager:3431 - IP not found : TIM
2024-07-22 00:24:14,865 [WARN] CodeGenerator:3764 - IP not found : null
2024-07-22 00:24:14,872 [INFO] CodeEngine:255 - oldGeneratedFile, C:\Users\Kago\Desktop\ECE298\stm32_ide_workspace\HCSR04_Test\Core\Inc\main.h_save
2024-07-22 00:24:15,011 [INFO] CodeEngine:279 - Generated code: C:\Users\Kago\Desktop\ECE298\stm32_ide_workspace\HCSR04_Test\Core\Inc\main.h
2024-07-22 00:24:15,016 [INFO] CodeEngine:255 - oldGeneratedFile, C:\Users\Kago\Desktop\ECE298\stm32_ide_workspace\HCSR04_Test\Core\Src\main.c_save
2024-07-22 00:24:15,191 [INFO] CodeEngine:279 - Generated code: C:\Users\Kago\Desktop\ECE298\stm32_ide_workspace\HCSR04_Test\Core\Src\main.c
2024-07-22 00:24:15,943 [INFO] ProjectBuilder:3064 - Time for Copy HAL[1] : 164mS.
2024-07-22 00:24:15,947 [INFO] ProjectBuilder:4404 - Project Generator version: 4.1.0
2024-07-22 00:24:16,170 [INFO] ConfigFileManager:1457 - The Die is : DIE433
2024-07-22 00:24:17,562 [INFO] ProjectBuilder:4626 - Time for Generating toolchain IDE Files: 1615mS.
2024-07-22 00:24:17,563 [INFO] ProjectBuilder:2935 - Time for Copy CMSIS : 1mS.
2024-07-22 00:24:17,567 [INFO] ProjectBuilder:2935 - Time for Copy CMSIS : 0mS.
2024-07-22 00:27:16,009 [INFO] NvicIntPanel:101 - NVIC parent = com.st.microxplorer.plugins.ip.nvic.MultiNvicIntPanel[,0,0,0x0,invalid,layout=javax.swing.BoxLayout,alignmentX=0.0,alignmentY=0.0,border=,flags=9,maximumSize=,minimumSize=,preferredSize=]
2024-07-22 00:27:20,795 [INFO] UtilMem:75 - End SaveConfig() Used Memory: 543785648 Bytes (1073741824)
2024-07-22 00:27:21,599 [INFO] UtilMem:75 - End SaveConfig() Used Memory: 381885456 Bytes (1073741824)
2024-07-22 00:27:21,835 [INFO] BlockDiagram:2759 - set Specific Code input for plugin: NVIC
2024-07-22 00:27:21,835 [INFO] BlockDiagram:2759 - set Specific Code input for plugin: USART
2024-07-22 00:27:21,835 [INFO] BlockDiagram:2759 - set Specific Code input for plugin: TIM1_8
2024-07-22 00:27:21,835 [INFO] BlockDiagram:2759 - set Specific Code input for plugin: SYS
2024-07-22 00:27:21,836 [INFO] BlockDiagram:2759 - set Specific Code input for plugin: GPIO
2024-07-22 00:27:21,836 [INFO] BlockDiagram:2759 - set Specific Code input for plugin: RCC
2024-07-22 00:27:21,837 [INFO] CodeGenerator:799 - code generatio: config db path: C:\Users\Kago\Desktop\STM32CubeIDE_1.13.2\STM32CubeIDE\plugins\com.st.stm32cube.common.mx_6.9.2.202309101412\\db\
2024-07-22 00:27:22,075 [INFO] CodeEngine:255 - oldGeneratedFile, C:\Users\Kago\Desktop\ECE298\stm32_ide_workspace\HCSR04_Test\MXTmpFiles\license.tmp_save
2024-07-22 00:27:22,228 [INFO] CodeEngine:279 - Generated code: C:\Users\Kago\Desktop\ECE298\stm32_ide_workspace\HCSR04_Test\MXTmpFiles\license.tmp
2024-07-22 00:27:22,245 [INFO] CodeEngine:255 - oldGeneratedFile, C:\Users\Kago\Desktop\ECE298\stm32_ide_workspace\HCSR04_Test\MXTmpFiles\gpio.tmp_save
2024-07-22 00:27:22,377 [INFO] CodeEngine:279 - Generated code: C:\Users\Kago\Desktop\ECE298\stm32_ide_workspace\HCSR04_Test\MXTmpFiles\gpio.tmp
2024-07-22 00:27:22,451 [INFO] CodeEngine:255 - oldGeneratedFile, C:\Users\Kago\Desktop\ECE298\stm32_ide_workspace\HCSR04_Test\Core\Src\stm32f4xx_it.c_save
2024-07-22 00:27:22,609 [INFO] CodeEngine:279 - Generated code: C:\Users\Kago\Desktop\ECE298\stm32_ide_workspace\HCSR04_Test\Core\Src\stm32f4xx_it.c
2024-07-22 00:27:22,617 [INFO] CodeEngine:255 - oldGeneratedFile, C:\Users\Kago\Desktop\ECE298\stm32_ide_workspace\HCSR04_Test\Core\Inc\stm32f4xx_it.h_save
2024-07-22 00:27:22,753 [INFO] CodeEngine:279 - Generated code: C:\Users\Kago\Desktop\ECE298\stm32_ide_workspace\HCSR04_Test\Core\Inc\stm32f4xx_it.h
2024-07-22 00:27:22,768 [INFO] CodeEngine:255 - oldGeneratedFile, C:\Users\Kago\Desktop\ECE298\stm32_ide_workspace\HCSR04_Test\Core\Src\stm32f4xx_hal_msp.c_save
2024-07-22 00:27:22,951 [INFO] CodeEngine:279 - Generated code: C:\Users\Kago\Desktop\ECE298\stm32_ide_workspace\HCSR04_Test\Core\Src\stm32f4xx_hal_msp.c
2024-07-22 00:27:22,956 [INFO] CodeEngine:255 - oldGeneratedFile, C:\Users\Kago\Desktop\ECE298\stm32_ide_workspace\HCSR04_Test\MXTmpFiles\system.tmp_save
2024-07-22 00:27:23,079 [INFO] CodeEngine:279 - Generated code: C:\Users\Kago\Desktop\ECE298\stm32_ide_workspace\HCSR04_Test\MXTmpFiles\system.tmp
2024-07-22 00:27:23,090 [INFO] CodeEngine:311 - oldGeneratedFile, C:\Users\Kago\Desktop\ECE298\stm32_ide_workspace\HCSR04_Test\Core\Inc\stm32f4xx_hal_conf.h_save
2024-07-22 00:27:23,248 [INFO] CodeEngine:335 - Generated code: C:\Users\Kago\Desktop\ECE298\stm32_ide_workspace\HCSR04_Test\Core\Inc\stm32f4xx_hal_conf.h
2024-07-22 00:27:23,274 [WARN] IPConfigManager:3431 - IP not found : TIM
2024-07-22 00:27:23,275 [WARN] CodeGenerator:3764 - IP not found : null
2024-07-22 00:27:23,284 [INFO] CodeEngine:255 - oldGeneratedFile, C:\Users\Kago\Desktop\ECE298\stm32_ide_workspace\HCSR04_Test\Core\Inc\main.h_save
2024-07-22 00:27:23,432 [INFO] CodeEngine:279 - Generated code: C:\Users\Kago\Desktop\ECE298\stm32_ide_workspace\HCSR04_Test\Core\Inc\main.h
2024-07-22 00:27:23,441 [INFO] CodeEngine:255 - oldGeneratedFile, C:\Users\Kago\Desktop\ECE298\stm32_ide_workspace\HCSR04_Test\Core\Src\main.c_save
2024-07-22 00:27:23,629 [INFO] CodeEngine:279 - Generated code: C:\Users\Kago\Desktop\ECE298\stm32_ide_workspace\HCSR04_Test\Core\Src\main.c
2024-07-22 00:27:24,368 [INFO] ProjectBuilder:3064 - Time for Copy HAL[1] : 203mS.
2024-07-22 00:27:24,371 [INFO] ProjectBuilder:4404 - Project Generator version: 4.1.0
2024-07-22 00:27:24,711 [INFO] ConfigFileManager:1457 - The Die is : DIE433
2024-07-22 00:27:26,178 [INFO] ProjectBuilder:4626 - Time for Generating toolchain IDE Files: 1807mS.
2024-07-22 00:27:26,179 [INFO] ProjectBuilder:2935 - Time for Copy CMSIS : 1mS.
2024-07-22 00:27:26,183 [INFO] ProjectBuilder:2935 - Time for Copy CMSIS : 0mS.
2024-07-22 00:31:39,095 [INFO] NvicIntPanel:101 - NVIC parent = com.st.microxplorer.plugins.ip.nvic.MultiNvicIntPanel[,0,0,700x402,layout=javax.swing.BoxLayout,alignmentX=0.0,alignmentY=0.0,border=,flags=9,maximumSize=,minimumSize=,preferredSize=]
2024-07-22 00:31:40,700 [INFO] NvicIntPanel:101 - NVIC parent = com.st.microxplorer.plugins.ip.nvic.MultiNvicIntPanel[,0,0,0x0,invalid,layout=javax.swing.BoxLayout,alignmentX=0.0,alignmentY=0.0,border=,flags=9,maximumSize=,minimumSize=,preferredSize=]
2024-07-22 00:31:47,808 [INFO] NvicIntPanel:101 - NVIC parent = com.st.microxplorer.plugins.ip.nvic.MultiNvicIntPanel[,0,0,0x0,invalid,layout=javax.swing.BoxLayout,alignmentX=0.0,alignmentY=0.0,border=,flags=9,maximumSize=,minimumSize=,preferredSize=]
2024-07-22 00:31:57,384 [INFO] NvicIntPanel:101 - NVIC parent = com.st.microxplorer.plugins.ip.nvic.MultiNvicIntPanel[,0,0,0x0,invalid,layout=javax.swing.BoxLayout,alignmentX=0.0,alignmentY=0.0,border=,flags=9,maximumSize=,minimumSize=,preferredSize=]
2024-07-22 00:31:58,378 [INFO] NvicIntPanel:101 - NVIC parent = com.st.microxplorer.plugins.ip.nvic.MultiNvicIntPanel[,0,0,0x0,invalid,layout=javax.swing.BoxLayout,alignmentX=0.0,alignmentY=0.0,border=,flags=9,maximumSize=,minimumSize=,preferredSize=]
2024-07-22 00:32:05,853 [INFO] UtilMem:75 - End SaveConfig() Used Memory: 455639336 Bytes (993001472)
2024-07-22 00:32:06,549 [INFO] UtilMem:75 - End SaveConfig() Used Memory: 508464992 Bytes (993001472)
2024-07-22 00:32:06,726 [INFO] BlockDiagram:2759 - set Specific Code input for plugin: NVIC
2024-07-22 00:32:06,726 [INFO] BlockDiagram:2759 - set Specific Code input for plugin: USART
2024-07-22 00:32:06,727 [INFO] BlockDiagram:2759 - set Specific Code input for plugin: TIM1_8
2024-07-22 00:32:06,727 [INFO] BlockDiagram:2759 - set Specific Code input for plugin: TIM1_8
2024-07-22 00:32:06,727 [INFO] BlockDiagram:2759 - set Specific Code input for plugin: SYS
2024-07-22 00:32:06,727 [INFO] BlockDiagram:2759 - set Specific Code input for plugin: GPIO
2024-07-22 00:32:06,727 [INFO] BlockDiagram:2759 - set Specific Code input for plugin: RCC
2024-07-22 00:32:06,728 [INFO] CodeGenerator:799 - code generatio: config db path: C:\Users\Kago\Desktop\STM32CubeIDE_1.13.2\STM32CubeIDE\plugins\com.st.stm32cube.common.mx_6.9.2.202309101412\\db\
2024-07-22 00:32:06,869 [INFO] CodeEngine:255 - oldGeneratedFile, C:\Users\Kago\Desktop\ECE298\stm32_ide_workspace\HCSR04_Test\MXTmpFiles\license.tmp_save
2024-07-22 00:32:06,995 [INFO] CodeEngine:279 - Generated code: C:\Users\Kago\Desktop\ECE298\stm32_ide_workspace\HCSR04_Test\MXTmpFiles\license.tmp
2024-07-22 00:32:07,012 [INFO] CodeEngine:255 - oldGeneratedFile, C:\Users\Kago\Desktop\ECE298\stm32_ide_workspace\HCSR04_Test\MXTmpFiles\gpio.tmp_save
2024-07-22 00:32:07,131 [INFO] CodeEngine:279 - Generated code: C:\Users\Kago\Desktop\ECE298\stm32_ide_workspace\HCSR04_Test\MXTmpFiles\gpio.tmp
2024-07-22 00:32:07,212 [INFO] CodeEngine:255 - oldGeneratedFile, C:\Users\Kago\Desktop\ECE298\stm32_ide_workspace\HCSR04_Test\Core\Src\stm32f4xx_it.c_save
2024-07-22 00:32:07,358 [INFO] CodeEngine:279 - Generated code: C:\Users\Kago\Desktop\ECE298\stm32_ide_workspace\HCSR04_Test\Core\Src\stm32f4xx_it.c
2024-07-22 00:32:07,364 [INFO] CodeEngine:255 - oldGeneratedFile, C:\Users\Kago\Desktop\ECE298\stm32_ide_workspace\HCSR04_Test\Core\Inc\stm32f4xx_it.h_save
2024-07-22 00:32:07,490 [INFO] CodeEngine:279 - Generated code: C:\Users\Kago\Desktop\ECE298\stm32_ide_workspace\HCSR04_Test\Core\Inc\stm32f4xx_it.h
2024-07-22 00:32:07,502 [INFO] CodeEngine:255 - oldGeneratedFile, C:\Users\Kago\Desktop\ECE298\stm32_ide_workspace\HCSR04_Test\Core\Src\stm32f4xx_hal_msp.c_save
2024-07-22 00:32:07,675 [INFO] CodeEngine:279 - Generated code: C:\Users\Kago\Desktop\ECE298\stm32_ide_workspace\HCSR04_Test\Core\Src\stm32f4xx_hal_msp.c
2024-07-22 00:32:07,679 [INFO] CodeEngine:255 - oldGeneratedFile, C:\Users\Kago\Desktop\ECE298\stm32_ide_workspace\HCSR04_Test\MXTmpFiles\system.tmp_save
2024-07-22 00:32:07,793 [INFO] CodeEngine:279 - Generated code: C:\Users\Kago\Desktop\ECE298\stm32_ide_workspace\HCSR04_Test\MXTmpFiles\system.tmp
2024-07-22 00:32:07,801 [INFO] CodeEngine:311 - oldGeneratedFile, C:\Users\Kago\Desktop\ECE298\stm32_ide_workspace\HCSR04_Test\Core\Inc\stm32f4xx_hal_conf.h_save
2024-07-22 00:32:07,931 [INFO] CodeEngine:335 - Generated code: C:\Users\Kago\Desktop\ECE298\stm32_ide_workspace\HCSR04_Test\Core\Inc\stm32f4xx_hal_conf.h
2024-07-22 00:32:07,949 [WARN] IPConfigManager:3431 - IP not found : TIM
2024-07-22 00:32:07,950 [WARN] CodeGenerator:3764 - IP not found : null
2024-07-22 00:32:07,958 [INFO] CodeEngine:255 - oldGeneratedFile, C:\Users\Kago\Desktop\ECE298\stm32_ide_workspace\HCSR04_Test\Core\Inc\main.h_save
2024-07-22 00:32:08,080 [INFO] CodeEngine:279 - Generated code: C:\Users\Kago\Desktop\ECE298\stm32_ide_workspace\HCSR04_Test\Core\Inc\main.h
2024-07-22 00:32:08,085 [INFO] CodeEngine:255 - oldGeneratedFile, C:\Users\Kago\Desktop\ECE298\stm32_ide_workspace\HCSR04_Test\Core\Src\main.c_save
2024-07-22 00:32:08,249 [INFO] CodeEngine:279 - Generated code: C:\Users\Kago\Desktop\ECE298\stm32_ide_workspace\HCSR04_Test\Core\Src\main.c
2024-07-22 00:32:09,010 [INFO] ProjectBuilder:3064 - Time for Copy HAL[1] : 204mS.
2024-07-22 00:32:09,013 [INFO] ProjectBuilder:4404 - Project Generator version: 4.1.0
2024-07-22 00:32:09,230 [INFO] ConfigFileManager:1457 - The Die is : DIE433
2024-07-22 00:32:10,824 [INFO] ProjectBuilder:4626 - Time for Generating toolchain IDE Files: 1810mS.
2024-07-22 00:32:10,825 [INFO] ProjectBuilder:2935 - Time for Copy CMSIS : 0mS.
2024-07-22 00:32:10,828 [INFO] ProjectBuilder:2935 - Time for Copy CMSIS : 0mS.
2024-07-22 00:35:12,870 [INFO] MainUpdater:2868 - connection check result : 10
2024-07-22 00:35:12,870 [INFO] MainUpdater:2868 - connection check result : 10
2024-07-22 00:35:12,884 [INFO] MicroXplorer:468 - Change Database Path : 
2024-07-22 00:35:12,884 [INFO] MicroXplorer:498 - Change Database Version : DB.6.0.92
2024-07-22 00:35:12,899 [WARN] ThirdParty:871 - waiting for thirdparty lock release [close project]
2024-07-22 00:35:12,899 [INFO] ThirdParty:873 - entering critical section [close project]
2024-07-22 00:35:12,899 [INFO] ThirdParty:883 - exiting critical section [close project]
2024-07-22 00:35:12,900 [INFO] PinOutPanel:1499 - setPackage(No Configuration,No Configuration)
2024-07-22 00:35:12,904 [WARN] IpParametersView:151 - Warning: This peripheral hasn't parameters
2024-07-22 00:35:12,907 [WARN] MainPanel:272 - <html><b><center>Warning: This peripheral has no parameters to be configured<br></b></html>
2024-07-22 00:35:12,909 [INFO] UtilMem:75 - Begin LoadConfig() Used Memory: 396504432 Bytes (1047527424)
2024-07-22 00:35:12,910 [INFO] MicroXplorer:468 - Change Database Path : 
2024-07-22 00:35:12,910 [INFO] MicroXplorer:498 - Change Database Version : DB.6.0.92
2024-07-22 00:35:12,910 [INFO] OpenFileManager:308 - Change cursor
2024-07-22 00:35:12,926 [INFO] RulesReader:64 - Compatibility file has been processed (293 Rules)
2024-07-22 00:35:12,929 [INFO] Mcu:1946 - Initializing MCU STM32F401R(D-E)Tx STM32F401RETx STM32F401RET6
2024-07-22 00:35:13,941 [INFO] Context:659 - Trying to add GPIOservice into a context  which must be forbidden
2024-07-22 00:35:14,120 [INFO] RtosManager:555 - Registered RTOS mode: class=CMSIS, group=RTOS, mode=CMSIS_V1, owner=FREERTOS
2024-07-22 00:35:14,120 [INFO] RtosManager:555 - Registered RTOS mode: class=CMSIS, group=RTOS2, mode=CMSIS_V2, owner=FREERTOS
2024-07-22 00:35:14,120 [INFO] RtosManager:555 - Registered RTOS mode: class=RTOS, group=Core, mode=CMSIS_V1, owner=FREERTOS
2024-07-22 00:35:14,120 [INFO] RtosManager:555 - Registered RTOS mode: class=RTOS, group=Core, mode=CMSIS_V2, owner=FREERTOS
2024-07-22 00:35:14,120 [WARN] ModelIntegratedComponent:184 - Missing modes for component STMicroelectronics:FreeRTOS:0.0.1:STMicroelectronics:RTOS:FreeRTOS:Core:::10.2.0:
2024-07-22 00:35:14,126 [WARN] ModelIntegratedComponent:63 - No mode defined for component null
2024-07-22 00:35:14,126 [WARN] ModelIntegratedComponent:63 - No mode defined for component null
2024-07-22 00:35:14,126 [WARN] ModelIntegratedComponent:63 - No mode defined for component null
2024-07-22 00:35:14,126 [WARN] ModelIntegratedComponent:63 - No mode defined for component null
2024-07-22 00:35:14,126 [WARN] ModelIntegratedComponent:63 - No mode defined for component null
2024-07-22 00:35:14,126 [WARN] ModelIntegratedComponent:63 - No mode defined for component null
2024-07-22 00:35:14,126 [WARN] ModelIntegratedComponent:63 - No mode defined for component null
2024-07-22 00:35:14,126 [WARN] ModelIntegratedComponent:63 - No mode defined for component null
2024-07-22 00:35:14,126 [WARN] ModelIntegratedComponent:63 - No mode defined for component null
2024-07-22 00:35:14,126 [WARN] ModelIntegratedComponent:63 - No mode defined for component null
2024-07-22 00:35:14,126 [WARN] ModelIntegratedComponent:63 - No mode defined for component null
2024-07-22 00:35:14,126 [WARN] ModelIntegratedComponent:63 - No mode defined for component null
2024-07-22 00:35:14,126 [WARN] ModelIntegratedComponent:63 - No mode defined for component null
2024-07-22 00:35:14,127 [WARN] ModelIntegratedComponent:63 - No mode defined for component null
2024-07-22 00:35:14,127 [WARN] ModelIntegratedComponent:63 - No mode defined for component null
2024-07-22 00:35:14,127 [WARN] ModelIntegratedComponent:63 - No mode defined for component null
2024-07-22 00:35:14,127 [WARN] ModelIntegratedComponent:63 - No mode defined for component null
2024-07-22 00:35:14,127 [WARN] ModelIntegratedComponent:63 - No mode defined for component null
2024-07-22 00:35:14,127 [WARN] ModelIntegratedComponent:63 - No mode defined for component null
2024-07-22 00:35:14,127 [WARN] ModelIntegratedComponent:63 - No mode defined for component null
2024-07-22 00:35:14,127 [WARN] ModelIntegratedComponent:63 - No mode defined for component null
2024-07-22 00:35:14,127 [WARN] ModelIntegratedComponent:63 - No mode defined for component null
2024-07-22 00:35:14,127 [WARN] ModelIntegratedComponent:63 - No mode defined for component null
2024-07-22 00:35:14,127 [WARN] ModelIntegratedComponent:63 - No mode defined for component null
2024-07-22 00:35:14,127 [WARN] ModelIntegratedComponent:63 - No mode defined for component null
2024-07-22 00:35:14,127 [WARN] ModelIntegratedComponent:63 - No mode defined for component null
2024-07-22 00:35:14,127 [WARN] ModelIntegratedComponent:63 - No mode defined for component null
2024-07-22 00:35:14,127 [WARN] ModelIntegratedComponent:63 - No mode defined for component null
2024-07-22 00:35:14,127 [WARN] ModelIntegratedComponent:63 - No mode defined for component null
2024-07-22 00:35:14,127 [WARN] ModelIntegratedComponent:63 - No mode defined for component null
2024-07-22 00:35:14,127 [WARN] ModelIntegratedComponent:63 - No mode defined for component null
2024-07-22 00:35:14,127 [WARN] ModelIntegratedComponent:63 - No mode defined for component null
2024-07-22 00:35:14,127 [WARN] ModelIntegratedComponent:63 - No mode defined for component null
2024-07-22 00:35:14,259 [INFO] ThirdPartyModel:298 - Start build external matchings
2024-07-22 00:35:14,692 [INFO] ThirdPartyModel:316 - End build external matchings
2024-07-22 00:35:14,701 [INFO] ImportTextPane:194 - (OptionalMessage_ERROR) IP (RCC) : Parameter (RTCHSEDivFreq_Value) has invalid value (4000000)
2024-07-22 00:35:14,926 [INFO] UtilMem:75 - End LoadConfig() Used Memory: 343654320 Bytes (1047527424)
2024-07-22 00:35:14,978 [WARN] ThirdParty:833 - waiting for thirdparty lock release [change project]
2024-07-22 00:35:14,978 [INFO] ThirdParty:835 - entering critical section [change project]
2024-07-22 00:35:14,978 [INFO] ThirdParty:1030 - CMSIS Pack Vendor :STMicroelectronics USBPD 4.1
2024-07-22 00:35:14,978 [INFO] ThirdParty:1030 - CMSIS Pack Vendor :STMicroelectronics X-CUBE-GNSS1 6.0.0
2024-07-22 00:35:14,978 [INFO] ThirdParty:1030 - CMSIS Pack Vendor :STMicroelectronics USB_HOST 2.0.0
2024-07-22 00:35:14,978 [INFO] ThirdParty:1030 - CMSIS Pack Vendor :STMicroelectronics FP-SNS-MOTENVWB1 1.4.0
2024-07-22 00:35:14,978 [INFO] ThirdParty:1030 - CMSIS Pack Vendor :STMicroelectronics X-CUBE-AZRTOS-F4 1.1.0
2024-07-22 00:35:14,978 [INFO] ThirdParty:1030 - CMSIS Pack Vendor :STMicroelectronics LIBJPEG 8.0.0
2024-07-22 00:35:14,978 [INFO] ThirdParty:1030 - CMSIS Pack Vendor :STMicroelectronics X-CUBE-SMBUS 2.1.0
2024-07-22 00:35:14,978 [INFO] ThirdParty:1030 - CMSIS Pack Vendor :STMicroelectronics USB_DEVICE 3.0.0
2024-07-22 00:35:14,978 [INFO] ThirdParty:1030 - CMSIS Pack Vendor :STMicroelectronics X-CUBE-TCPP 4.1.0
2024-07-22 00:35:14,978 [INFO] ThirdParty:1030 - CMSIS Pack Vendor :STMicroelectronics X-CUBE-FREERTOS 1.2.0
2024-07-22 00:35:14,978 [INFO] ThirdParty:1030 - CMSIS Pack Vendor :STMicroelectronics X-CUBE-AZRTOS-WB 2.0.0
2024-07-22 00:35:14,978 [INFO] ThirdParty:1030 - CMSIS Pack Vendor :STMicroelectronics X-CUBE-TOUCHGFX 4.23.2
2024-07-22 00:35:14,978 [INFO] ThirdParty:1030 - CMSIS Pack Vendor :STMicroelectronics X-CUBE-AZRTOS-F7 1.1.0
2024-07-22 00:35:14,978 [INFO] ThirdParty:1030 - CMSIS Pack Vendor :STMicroelectronics X-CUBE-AZRTOS-L5 2.0.0
2024-07-22 00:35:14,978 [INFO] ThirdParty:1030 - CMSIS Pack Vendor :STMicroelectronics USB_DEVICE 2.0.0
2024-07-22 00:35:14,979 [INFO] ThirdParty:1030 - CMSIS Pack Vendor :STMicroelectronics X-CUBE-NFC6 3.1.0
2024-07-22 00:35:14,979 [INFO] ThirdParty:1030 - CMSIS Pack Vendor :STMicroelectronics FreeRTOS 0.0.1
2024-07-22 00:35:14,979 [INFO] ThirdParty:1030 - CMSIS Pack Vendor :STMicroelectronics X-CUBE-AZRTOS-G0 1.1.0
2024-07-22 00:35:14,979 [INFO] ThirdParty:1030 - CMSIS Pack Vendor :STMicroelectronics X-CUBE-SAFEA1 1.2.2
2024-07-22 00:35:14,979 [INFO] ThirdParty:1030 - CMSIS Pack Vendor :STMicroelectronics X-CUBE-NFC4 3.0.0
2024-07-22 00:35:14,979 [INFO] ThirdParty:1030 - CMSIS Pack Vendor :STMicroelectronics X-CUBE-SUBG2 5.0.0
2024-07-22 00:35:14,979 [INFO] ThirdParty:1030 - CMSIS Pack Vendor :STMicroelectronics STM32_WPAN 1.0.0
2024-07-22 00:35:14,979 [INFO] ThirdParty:1030 - CMSIS Pack Vendor :STMicroelectronics lwIP 2.0.3
2024-07-22 00:35:14,979 [INFO] ThirdParty:1030 - CMSIS Pack Vendor :STMicroelectronics FP-SNS-FLIGHT1 5.0.2
2024-07-22 00:35:14,979 [INFO] ThirdParty:1030 - CMSIS Pack Vendor :Cesanta I-CUBE-Mongoose 7.13.0
2024-07-22 00:35:14,979 [INFO] ThirdParty:1030 - CMSIS Pack Vendor :STMicroelectronics USB_HOST 1.0.0
2024-07-22 00:35:14,979 [INFO] ThirdParty:1030 - CMSIS Pack Vendor :STMicroelectronics X-CUBE-AI 9.0.0
2024-07-22 00:35:14,979 [INFO] ThirdParty:1030 - CMSIS Pack Vendor :STMicroelectronics X-CUBE-AZRTOS-G4 2.0.0
2024-07-22 00:35:14,979 [INFO] ThirdParty:1030 - CMSIS Pack Vendor :STMicroelectronics PDM2PCM 3.1.0
2024-07-22 00:35:14,979 [INFO] ThirdParty:1030 - CMSIS Pack Vendor :STMicroelectronics PDM2PCM 3.3.0
2024-07-22 00:35:14,979 [INFO] ThirdParty:1030 - CMSIS Pack Vendor :STMicroelectronics X-CUBE-DISPLAY 3.0.0
2024-07-22 00:35:14,979 [INFO] ThirdParty:1030 - CMSIS Pack Vendor :wolfSSL I-CUBE-wolfSSL 5.7.0
2024-07-22 00:35:14,979 [INFO] ThirdParty:1030 - CMSIS Pack Vendor :STMicroelectronics X-CUBE-BLE1 7.0.0
2024-07-22 00:35:14,979 [INFO] ThirdParty:1030 - CMSIS Pack Vendor :STMicroelectronics FP-ATR-SIGFOX1 3.2.0
2024-07-22 00:35:14,979 [INFO] ThirdParty:1030 - CMSIS Pack Vendor :STMicroelectronics X-CUBE-ISPU 2.0.0
2024-07-22 00:35:14,979 [INFO] ThirdParty:1030 - CMSIS Pack Vendor :STMicroelectronics X-CUBE-EEPRMA1 5.1.0
2024-07-22 00:35:14,979 [INFO] ThirdParty:1030 - CMSIS Pack Vendor :STMicroelectronics HAL Drivers 0.0.0
2024-07-22 00:35:14,979 [INFO] ThirdParty:1030 - CMSIS Pack Vendor :STMicroelectronics MBEDTLS 2.16.2
2024-07-22 00:35:14,979 [INFO] ThirdParty:1030 - CMSIS Pack Vendor :STMicroelectronics X-CUBE-ALS 1.0.2
2024-07-22 00:35:14,979 [INFO] ThirdParty:1030 - CMSIS Pack Vendor :emotas I-CUBE-CANOPEN 1.3.0
2024-07-22 00:35:14,979 [INFO] ThirdParty:1030 - CMSIS Pack Vendor :STMicroelectronics X-CUBE-MEMS1 10.0.0
2024-07-22 00:35:14,980 [INFO] ThirdParty:1030 - CMSIS Pack Vendor :STMicroelectronics X-CUBE-NFC7 1.0.1
2024-07-22 00:35:14,980 [INFO] ThirdParty:1030 - CMSIS Pack Vendor :STMicroelectronics MBEDTLS 2.14.1
2024-07-22 00:35:14,980 [INFO] ThirdParty:1030 - CMSIS Pack Vendor :STMicroelectronics X-CUBE-TOUCHGFX 4.24.0
2024-07-22 00:35:14,980 [INFO] ThirdParty:1030 - CMSIS Pack Vendor :ITTIA_DB I-CUBE-ITTIADB 8.9.0
2024-07-22 00:35:14,980 [INFO] ThirdParty:1030 - CMSIS Pack Vendor :wolfSSL I-CUBE-wolfTPM 3.2.0
2024-07-22 00:35:14,980 [INFO] ThirdParty:1030 - CMSIS Pack Vendor :portGmbH I-Cube-SoM-uGOAL 1.1.0
2024-07-22 00:35:14,980 [INFO] ThirdParty:1030 - CMSIS Pack Vendor :STMicroelectronics X-CUBE-BLEMGR 3.1.0
2024-07-22 00:35:14,980 [INFO] ThirdParty:1030 - CMSIS Pack Vendor :STMicroelectronics ThreadX 1.0.0
2024-07-22 00:35:14,980 [INFO] ThirdParty:1030 - CMSIS Pack Vendor :STMicroelectronics FP-SNS-SMARTAG2 1.2.0
2024-07-22 00:35:14,980 [INFO] ThirdParty:1030 - CMSIS Pack Vendor :STMicroelectronics X-CUBE-AZRTOS-WL 2.0.0
2024-07-22 00:35:14,980 [INFO] ThirdParty:1030 - CMSIS Pack Vendor :SEGGER I-CUBE-embOS 1.3.1
2024-07-22 00:35:14,980 [INFO] ThirdParty:1030 - CMSIS Pack Vendor :STMicroelectronics X-CUBE-ALGOBUILD 1.4.0
2024-07-22 00:35:14,980 [INFO] ThirdParty:1030 - CMSIS Pack Vendor :STMicroelectronics FP-SNS-MOTENV1 5.0.0
2024-07-22 00:35:14,980 [INFO] ThirdParty:1030 - CMSIS Pack Vendor :STMicroelectronics USB_DEVICE 1.0.0
2024-07-22 00:35:14,980 [INFO] ThirdParty:1030 - CMSIS Pack Vendor :STMicroelectronics X-CUBE-AZRTOS-H7RS 1.0.0
2024-07-22 00:35:14,980 [INFO] ThirdParty:1030 - CMSIS Pack Vendor :wolfSSL I-CUBE-wolfMQTT 1.19.0
2024-07-22 00:35:14,980 [INFO] ThirdParty:1030 - CMSIS Pack Vendor :STMicroelectronics X-CUBE-AZRTOS-L4 2.0.0
2024-07-22 00:35:14,980 [INFO] ThirdParty:1030 - CMSIS Pack Vendor :STMicroelectronics ThreadX 0.0.2
2024-07-22 00:35:14,980 [INFO] ThirdParty:1030 - CMSIS Pack Vendor :WES I-CUBE-Cesium 1.3.0
2024-07-22 00:35:14,980 [INFO] ThirdParty:1030 - CMSIS Pack Vendor :STMicroelectronics FP-ATR-ASTRA1 2.0.0
2024-07-22 00:35:14,980 [INFO] ThirdParty:1030 - CMSIS Pack Vendor :STMicroelectronics lwIP 2.1.2
2024-07-22 00:35:14,980 [INFO] ThirdParty:1030 - CMSIS Pack Vendor :STMicroelectronics X-CUBE-SFXS2LP1 4.0.0
2024-07-22 00:35:14,980 [INFO] ThirdParty:1030 - CMSIS Pack Vendor :STMicroelectronics X-CUBE-BLE2 3.3.0
2024-07-22 00:35:14,980 [INFO] ThirdParty:1030 - CMSIS Pack Vendor :STMicroelectronics X-CUBE-TOF1 3.4.1
2024-07-22 00:35:14,980 [INFO] ThirdParty:1030 - CMSIS Pack Vendor :STMicroelectronics X-CUBE-AZRTOS-H7 3.2.0
2024-07-22 00:35:14,980 [INFO] ThirdParty:1030 - CMSIS Pack Vendor :Infineon AIROC-Wi-Fi-Bluetooth-STM32 1.6.0
2024-07-22 00:35:14,980 [INFO] ThirdParty:1030 - CMSIS Pack Vendor :STMicroelectronics PDM2PCM 3.2.0
2024-07-22 00:35:14,980 [INFO] ThirdParty:1030 - CMSIS Pack Vendor :wolfSSL I-CUBE-wolfSSH 1.4.17
2024-07-22 00:35:14,981 [INFO] ThirdParty:841 - exiting critical section [change project]
2024-07-22 00:35:15,106 [INFO] PinOutPanel:1499 - setPackage(No Configuration,No Configuration)
2024-07-22 00:35:15,106 [INFO] PinOutPanel:1499 - setPackage(STM32F401RETx,LQFP64)
2024-07-22 00:35:15,333 [INFO] UtilMem:75 - Before build in PCC Used Memory: 355850912 Bytes (1047527424)
2024-07-22 00:35:15,537 [INFO] UtilMem:75 - After build in PCC Used Memory: 400413344 Bytes (1047527424)
2024-07-22 00:35:15,554 [INFO] IPUIPlugin:80 - create IPUIPlugin
2024-07-22 00:35:15,555 [INFO] IPUIPlugin:80 - create IPUIPlugin
2024-07-22 00:35:15,555 [INFO] IPUIPlugin:80 - create IPUIPlugin
2024-07-22 00:35:15,555 [INFO] IPUIPlugin:80 - create IPUIPlugin
2024-07-22 00:35:15,555 [INFO] IPUIPlugin:80 - create IPUIPlugin
2024-07-22 00:35:15,555 [INFO] IPUIPlugin:80 - create IPUIPlugin
2024-07-22 00:35:15,555 [INFO] IPUIPlugin:80 - create IPUIPlugin
2024-07-22 00:35:15,555 [INFO] IPUIPlugin:80 - create IPUIPlugin
2024-07-22 00:35:15,555 [INFO] IPUIPlugin:80 - create IPUIPlugin
2024-07-22 00:35:15,555 [INFO] IPUIPlugin:80 - create IPUIPlugin
2024-07-22 00:35:15,555 [INFO] IPUIPlugin:80 - create IPUIPlugin
2024-07-22 00:35:15,556 [INFO] IPUIPlugin:80 - create IPUIPlugin
2024-07-22 00:35:15,556 [INFO] IPUIPlugin:80 - create IPUIPlugin
2024-07-22 00:35:15,556 [INFO] IPUIPlugin:80 - create IPUIPlugin
2024-07-22 00:35:15,556 [INFO] IPUIPlugin:80 - create IPUIPlugin
2024-07-22 00:35:15,556 [INFO] IPUIPlugin:80 - create IPUIPlugin
2024-07-22 00:35:15,556 [INFO] IPUIPlugin:80 - create IPUIPlugin
2024-07-22 00:35:15,557 [INFO] IPUIPlugin:80 - create IPUIPlugin
2024-07-22 00:35:15,557 [INFO] IPUIPlugin:80 - create IPUIPlugin
2024-07-22 00:35:15,557 [INFO] IPUIPlugin:80 - create IPUIPlugin
2024-07-22 00:35:15,557 [INFO] IPUIPlugin:80 - create IPUIPlugin
2024-07-22 00:35:15,557 [INFO] IPUIPlugin:80 - create IPUIPlugin
2024-07-22 00:35:15,557 [INFO] IPUIPlugin:80 - create IPUIPlugin
2024-07-22 00:35:15,558 [INFO] IPUIPlugin:80 - create IPUIPlugin
2024-07-22 00:35:15,558 [INFO] IPUIPlugin:80 - create IPUIPlugin
2024-07-22 00:35:15,558 [INFO] IPUIPlugin:80 - create IPUIPlugin
2024-07-22 00:35:15,558 [INFO] IPUIPlugin:80 - create IPUIPlugin
2024-07-22 00:35:15,558 [INFO] IPUIPlugin:80 - create IPUIPlugin
2024-07-22 00:35:15,559 [INFO] IPUIPlugin:80 - create IPUIPlugin
2024-07-22 00:35:15,559 [INFO] IPUIPlugin:80 - create IPUIPlugin
2024-07-22 00:35:15,559 [INFO] IPUIPlugin:80 - create IPUIPlugin
2024-07-22 00:35:15,559 [INFO] IPUIPlugin:80 - create IPUIPlugin
2024-07-22 00:35:15,560 [INFO] IPUIPlugin:80 - create IPUIPlugin
2024-07-22 00:35:15,560 [INFO] IPUIPlugin:80 - create IPUIPlugin
2024-07-22 00:35:15,560 [INFO] IPUIPlugin:80 - create IPUIPlugin
2024-07-22 00:35:15,560 [INFO] IPUIPlugin:80 - create IPUIPlugin
2024-07-22 00:35:15,561 [INFO] IPUIPlugin:80 - create IPUIPlugin
2024-07-22 00:35:15,561 [INFO] IPUIPlugin:80 - create IPUIPlugin
2024-07-22 00:35:15,563 [INFO] ApiDbMcu:507 - Load IP Config File for PDM2PCM
2024-07-22 00:35:15,601 [INFO] CADModel:165 - CPN selected for project levelSTM32F401RET6
2024-07-22 00:35:15,601 [INFO] CADModel:114 - Register for checkConnection events
2024-07-22 00:35:15,660 [INFO] OpenFileManager:328 - Restore cursor
2024-07-22 00:37:45,420 [INFO] NvicIntPanel:101 - NVIC parent = com.st.microxplorer.plugins.ip.nvic.MultiNvicIntPanel[,0,0,738x406,layout=javax.swing.BoxLayout,alignmentX=0.0,alignmentY=0.0,border=,flags=9,maximumSize=,minimumSize=,preferredSize=]
2024-07-22 00:37:49,993 [INFO] NvicIntPanel:101 - NVIC parent = com.st.microxplorer.plugins.ip.nvic.MultiNvicIntPanel[,0,0,0x0,invalid,layout=javax.swing.BoxLayout,alignmentX=0.0,alignmentY=0.0,border=,flags=9,maximumSize=,minimumSize=,preferredSize=]
2024-07-22 00:38:39,742 [INFO] UtilMem:75 - End SaveConfig() Used Memory: 855620152 Bytes (1055916032)
2024-07-22 00:38:52,468 [INFO] MainUpdater:2868 - connection check result : 10
2024-07-22 00:38:52,468 [INFO] MainUpdater:2868 - connection check result : 10
2024-07-22 00:38:52,483 [INFO] MicroXplorer:468 - Change Database Path : 
2024-07-22 00:38:52,483 [INFO] MicroXplorer:498 - Change Database Version : DB.6.0.92
2024-07-22 00:38:52,501 [WARN] ThirdParty:871 - waiting for thirdparty lock release [close project]
2024-07-22 00:38:52,501 [INFO] ThirdParty:873 - entering critical section [close project]
2024-07-22 00:38:52,501 [INFO] ThirdParty:883 - exiting critical section [close project]
2024-07-22 00:38:52,502 [INFO] PinOutPanel:1499 - setPackage(No Configuration,No Configuration)
2024-07-22 00:38:52,508 [WARN] IpParametersView:151 - Warning: This peripheral hasn't parameters
2024-07-22 00:38:52,510 [WARN] MainPanel:272 - <html><b><center>Warning: This peripheral has no parameters to be configured<br></b></html>
2024-07-22 00:38:52,513 [INFO] UtilMem:75 - Begin LoadConfig() Used Memory: 392857192 Bytes (1017118720)
2024-07-22 00:38:52,513 [INFO] MicroXplorer:468 - Change Database Path : 
2024-07-22 00:38:52,513 [INFO] MicroXplorer:498 - Change Database Version : DB.6.0.92
2024-07-22 00:38:52,513 [INFO] OpenFileManager:308 - Change cursor
2024-07-22 00:38:52,523 [INFO] RulesReader:64 - Compatibility file has been processed (293 Rules)
2024-07-22 00:38:52,525 [INFO] Mcu:1946 - Initializing MCU STM32F401R(D-E)Tx STM32F401RETx STM32F401RET6
2024-07-22 00:38:53,559 [INFO] Context:659 - Trying to add GPIOservice into a context  which must be forbidden
2024-07-22 00:38:53,744 [INFO] RtosManager:555 - Registered RTOS mode: class=CMSIS, group=RTOS, mode=CMSIS_V1, owner=FREERTOS
2024-07-22 00:38:53,744 [INFO] RtosManager:555 - Registered RTOS mode: class=CMSIS, group=RTOS2, mode=CMSIS_V2, owner=FREERTOS
2024-07-22 00:38:53,744 [INFO] RtosManager:555 - Registered RTOS mode: class=RTOS, group=Core, mode=CMSIS_V1, owner=FREERTOS
2024-07-22 00:38:53,744 [INFO] RtosManager:555 - Registered RTOS mode: class=RTOS, group=Core, mode=CMSIS_V2, owner=FREERTOS
2024-07-22 00:38:53,744 [WARN] ModelIntegratedComponent:184 - Missing modes for component STMicroelectronics:FreeRTOS:0.0.1:STMicroelectronics:RTOS:FreeRTOS:Core:::10.2.0:
2024-07-22 00:38:53,750 [WARN] ModelIntegratedComponent:63 - No mode defined for component null
2024-07-22 00:38:53,750 [WARN] ModelIntegratedComponent:63 - No mode defined for component null
2024-07-22 00:38:53,750 [WARN] ModelIntegratedComponent:63 - No mode defined for component null
2024-07-22 00:38:53,750 [WARN] ModelIntegratedComponent:63 - No mode defined for component null
2024-07-22 00:38:53,751 [WARN] ModelIntegratedComponent:63 - No mode defined for component null
2024-07-22 00:38:53,751 [WARN] ModelIntegratedComponent:63 - No mode defined for component null
2024-07-22 00:38:53,751 [WARN] ModelIntegratedComponent:63 - No mode defined for component null
2024-07-22 00:38:53,751 [WARN] ModelIntegratedComponent:63 - No mode defined for component null
2024-07-22 00:38:53,751 [WARN] ModelIntegratedComponent:63 - No mode defined for component null
2024-07-22 00:38:53,751 [WARN] ModelIntegratedComponent:63 - No mode defined for component null
2024-07-22 00:38:53,751 [WARN] ModelIntegratedComponent:63 - No mode defined for component null
2024-07-22 00:38:53,751 [WARN] ModelIntegratedComponent:63 - No mode defined for component null
2024-07-22 00:38:53,751 [WARN] ModelIntegratedComponent:63 - No mode defined for component null
2024-07-22 00:38:53,751 [WARN] ModelIntegratedComponent:63 - No mode defined for component null
2024-07-22 00:38:53,751 [WARN] ModelIntegratedComponent:63 - No mode defined for component null
2024-07-22 00:38:53,751 [WARN] ModelIntegratedComponent:63 - No mode defined for component null
2024-07-22 00:38:53,751 [WARN] ModelIntegratedComponent:63 - No mode defined for component null
2024-07-22 00:38:53,751 [WARN] ModelIntegratedComponent:63 - No mode defined for component null
2024-07-22 00:38:53,751 [WARN] ModelIntegratedComponent:63 - No mode defined for component null
2024-07-22 00:38:53,751 [WARN] ModelIntegratedComponent:63 - No mode defined for component null
2024-07-22 00:38:53,751 [WARN] ModelIntegratedComponent:63 - No mode defined for component null
2024-07-22 00:38:53,751 [WARN] ModelIntegratedComponent:63 - No mode defined for component null
2024-07-22 00:38:53,751 [WARN] ModelIntegratedComponent:63 - No mode defined for component null
2024-07-22 00:38:53,751 [WARN] ModelIntegratedComponent:63 - No mode defined for component null
2024-07-22 00:38:53,751 [WARN] ModelIntegratedComponent:63 - No mode defined for component null
2024-07-22 00:38:53,751 [WARN] ModelIntegratedComponent:63 - No mode defined for component null
2024-07-22 00:38:53,752 [WARN] ModelIntegratedComponent:63 - No mode defined for component null
2024-07-22 00:38:53,752 [WARN] ModelIntegratedComponent:63 - No mode defined for component null
2024-07-22 00:38:53,752 [WARN] ModelIntegratedComponent:63 - No mode defined for component null
2024-07-22 00:38:53,752 [WARN] ModelIntegratedComponent:63 - No mode defined for component null
2024-07-22 00:38:53,752 [WARN] ModelIntegratedComponent:63 - No mode defined for component null
2024-07-22 00:38:53,752 [WARN] ModelIntegratedComponent:63 - No mode defined for component null
2024-07-22 00:38:53,752 [WARN] ModelIntegratedComponent:63 - No mode defined for component null
2024-07-22 00:38:53,886 [INFO] ThirdPartyModel:298 - Start build external matchings
2024-07-22 00:38:54,272 [INFO] ThirdPartyModel:316 - End build external matchings
2024-07-22 00:38:54,280 [INFO] ImportTextPane:194 - (OptionalMessage_ERROR) IP (RCC) : Parameter (RTCHSEDivFreq_Value) has invalid value (4000000)
2024-07-22 00:38:54,567 [INFO] UtilMem:75 - End LoadConfig() Used Memory: 599943088 Bytes (1017118720)
2024-07-22 00:38:54,615 [WARN] ThirdParty:833 - waiting for thirdparty lock release [change project]
2024-07-22 00:38:54,615 [INFO] ThirdParty:835 - entering critical section [change project]
2024-07-22 00:38:54,615 [INFO] ThirdParty:1030 - CMSIS Pack Vendor :STMicroelectronics USBPD 4.1
2024-07-22 00:38:54,615 [INFO] ThirdParty:1030 - CMSIS Pack Vendor :STMicroelectronics X-CUBE-GNSS1 6.0.0
2024-07-22 00:38:54,615 [INFO] ThirdParty:1030 - CMSIS Pack Vendor :STMicroelectronics USB_HOST 2.0.0
2024-07-22 00:38:54,615 [INFO] ThirdParty:1030 - CMSIS Pack Vendor :STMicroelectronics FP-SNS-MOTENVWB1 1.4.0
2024-07-22 00:38:54,615 [INFO] ThirdParty:1030 - CMSIS Pack Vendor :STMicroelectronics X-CUBE-AZRTOS-F4 1.1.0
2024-07-22 00:38:54,615 [INFO] ThirdParty:1030 - CMSIS Pack Vendor :STMicroelectronics LIBJPEG 8.0.0
2024-07-22 00:38:54,615 [INFO] ThirdParty:1030 - CMSIS Pack Vendor :STMicroelectronics X-CUBE-SMBUS 2.1.0
2024-07-22 00:38:54,615 [INFO] ThirdParty:1030 - CMSIS Pack Vendor :STMicroelectronics USB_DEVICE 3.0.0
2024-07-22 00:38:54,616 [INFO] ThirdParty:1030 - CMSIS Pack Vendor :STMicroelectronics X-CUBE-TCPP 4.1.0
2024-07-22 00:38:54,616 [INFO] ThirdParty:1030 - CMSIS Pack Vendor :STMicroelectronics X-CUBE-FREERTOS 1.2.0
2024-07-22 00:38:54,616 [INFO] ThirdParty:1030 - CMSIS Pack Vendor :STMicroelectronics X-CUBE-AZRTOS-WB 2.0.0
2024-07-22 00:38:54,616 [INFO] ThirdParty:1030 - CMSIS Pack Vendor :STMicroelectronics X-CUBE-TOUCHGFX 4.23.2
2024-07-22 00:38:54,616 [INFO] ThirdParty:1030 - CMSIS Pack Vendor :STMicroelectronics X-CUBE-AZRTOS-F7 1.1.0
2024-07-22 00:38:54,616 [INFO] ThirdParty:1030 - CMSIS Pack Vendor :STMicroelectronics X-CUBE-AZRTOS-L5 2.0.0
2024-07-22 00:38:54,616 [INFO] ThirdParty:1030 - CMSIS Pack Vendor :STMicroelectronics USB_DEVICE 2.0.0
2024-07-22 00:38:54,616 [INFO] ThirdParty:1030 - CMSIS Pack Vendor :STMicroelectronics X-CUBE-NFC6 3.1.0
2024-07-22 00:38:54,616 [INFO] ThirdParty:1030 - CMSIS Pack Vendor :STMicroelectronics FreeRTOS 0.0.1
2024-07-22 00:38:54,616 [INFO] ThirdParty:1030 - CMSIS Pack Vendor :STMicroelectronics X-CUBE-AZRTOS-G0 1.1.0
2024-07-22 00:38:54,616 [INFO] ThirdParty:1030 - CMSIS Pack Vendor :STMicroelectronics X-CUBE-SAFEA1 1.2.2
2024-07-22 00:38:54,616 [INFO] ThirdParty:1030 - CMSIS Pack Vendor :STMicroelectronics X-CUBE-NFC4 3.0.0
2024-07-22 00:38:54,616 [INFO] ThirdParty:1030 - CMSIS Pack Vendor :STMicroelectronics X-CUBE-SUBG2 5.0.0
2024-07-22 00:38:54,616 [INFO] ThirdParty:1030 - CMSIS Pack Vendor :STMicroelectronics STM32_WPAN 1.0.0
2024-07-22 00:38:54,616 [INFO] ThirdParty:1030 - CMSIS Pack Vendor :STMicroelectronics lwIP 2.0.3
2024-07-22 00:38:54,616 [INFO] ThirdParty:1030 - CMSIS Pack Vendor :STMicroelectronics FP-SNS-FLIGHT1 5.0.2
2024-07-22 00:38:54,616 [INFO] ThirdParty:1030 - CMSIS Pack Vendor :Cesanta I-CUBE-Mongoose 7.13.0
2024-07-22 00:38:54,616 [INFO] ThirdParty:1030 - CMSIS Pack Vendor :STMicroelectronics USB_HOST 1.0.0
2024-07-22 00:38:54,617 [INFO] ThirdParty:1030 - CMSIS Pack Vendor :STMicroelectronics X-CUBE-AI 9.0.0
2024-07-22 00:38:54,617 [INFO] ThirdParty:1030 - CMSIS Pack Vendor :STMicroelectronics X-CUBE-AZRTOS-G4 2.0.0
2024-07-22 00:38:54,617 [INFO] ThirdParty:1030 - CMSIS Pack Vendor :STMicroelectronics PDM2PCM 3.1.0
2024-07-22 00:38:54,617 [INFO] ThirdParty:1030 - CMSIS Pack Vendor :STMicroelectronics PDM2PCM 3.3.0
2024-07-22 00:38:54,617 [INFO] ThirdParty:1030 - CMSIS Pack Vendor :STMicroelectronics X-CUBE-DISPLAY 3.0.0
2024-07-22 00:38:54,617 [INFO] ThirdParty:1030 - CMSIS Pack Vendor :wolfSSL I-CUBE-wolfSSL 5.7.0
2024-07-22 00:38:54,617 [INFO] ThirdParty:1030 - CMSIS Pack Vendor :STMicroelectronics X-CUBE-BLE1 7.0.0
2024-07-22 00:38:54,617 [INFO] ThirdParty:1030 - CMSIS Pack Vendor :STMicroelectronics FP-ATR-SIGFOX1 3.2.0
2024-07-22 00:38:54,617 [INFO] ThirdParty:1030 - CMSIS Pack Vendor :STMicroelectronics X-CUBE-ISPU 2.0.0
2024-07-22 00:38:54,617 [INFO] ThirdParty:1030 - CMSIS Pack Vendor :STMicroelectronics X-CUBE-EEPRMA1 5.1.0
2024-07-22 00:38:54,617 [INFO] ThirdParty:1030 - CMSIS Pack Vendor :STMicroelectronics HAL Drivers 0.0.0
2024-07-22 00:38:54,617 [INFO] ThirdParty:1030 - CMSIS Pack Vendor :STMicroelectronics MBEDTLS 2.16.2
2024-07-22 00:38:54,617 [INFO] ThirdParty:1030 - CMSIS Pack Vendor :STMicroelectronics X-CUBE-ALS 1.0.2
2024-07-22 00:38:54,617 [INFO] ThirdParty:1030 - CMSIS Pack Vendor :emotas I-CUBE-CANOPEN 1.3.0
2024-07-22 00:38:54,617 [INFO] ThirdParty:1030 - CMSIS Pack Vendor :STMicroelectronics X-CUBE-MEMS1 10.0.0
2024-07-22 00:38:54,617 [INFO] ThirdParty:1030 - CMSIS Pack Vendor :STMicroelectronics X-CUBE-NFC7 1.0.1
2024-07-22 00:38:54,617 [INFO] ThirdParty:1030 - CMSIS Pack Vendor :STMicroelectronics MBEDTLS 2.14.1
2024-07-22 00:38:54,617 [INFO] ThirdParty:1030 - CMSIS Pack Vendor :STMicroelectronics X-CUBE-TOUCHGFX 4.24.0
2024-07-22 00:38:54,617 [INFO] ThirdParty:1030 - CMSIS Pack Vendor :ITTIA_DB I-CUBE-ITTIADB 8.9.0
2024-07-22 00:38:54,617 [INFO] ThirdParty:1030 - CMSIS Pack Vendor :wolfSSL I-CUBE-wolfTPM 3.2.0
2024-07-22 00:38:54,617 [INFO] ThirdParty:1030 - CMSIS Pack Vendor :portGmbH I-Cube-SoM-uGOAL 1.1.0
2024-07-22 00:38:54,617 [INFO] ThirdParty:1030 - CMSIS Pack Vendor :STMicroelectronics X-CUBE-BLEMGR 3.1.0
2024-07-22 00:38:54,617 [INFO] ThirdParty:1030 - CMSIS Pack Vendor :STMicroelectronics ThreadX 1.0.0
2024-07-22 00:38:54,617 [INFO] ThirdParty:1030 - CMSIS Pack Vendor :STMicroelectronics FP-SNS-SMARTAG2 1.2.0
2024-07-22 00:38:54,617 [INFO] ThirdParty:1030 - CMSIS Pack Vendor :STMicroelectronics X-CUBE-AZRTOS-WL 2.0.0
2024-07-22 00:38:54,618 [INFO] ThirdParty:1030 - CMSIS Pack Vendor :SEGGER I-CUBE-embOS 1.3.1
2024-07-22 00:38:54,618 [INFO] ThirdParty:1030 - CMSIS Pack Vendor :STMicroelectronics X-CUBE-ALGOBUILD 1.4.0
2024-07-22 00:38:54,618 [INFO] ThirdParty:1030 - CMSIS Pack Vendor :STMicroelectronics FP-SNS-MOTENV1 5.0.0
2024-07-22 00:38:54,618 [INFO] ThirdParty:1030 - CMSIS Pack Vendor :STMicroelectronics USB_DEVICE 1.0.0
2024-07-22 00:38:54,618 [INFO] ThirdParty:1030 - CMSIS Pack Vendor :STMicroelectronics X-CUBE-AZRTOS-H7RS 1.0.0
2024-07-22 00:38:54,618 [INFO] ThirdParty:1030 - CMSIS Pack Vendor :wolfSSL I-CUBE-wolfMQTT 1.19.0
2024-07-22 00:38:54,618 [INFO] ThirdParty:1030 - CMSIS Pack Vendor :STMicroelectronics X-CUBE-AZRTOS-L4 2.0.0
2024-07-22 00:38:54,618 [INFO] ThirdParty:1030 - CMSIS Pack Vendor :STMicroelectronics ThreadX 0.0.2
2024-07-22 00:38:54,618 [INFO] ThirdParty:1030 - CMSIS Pack Vendor :WES I-CUBE-Cesium 1.3.0
2024-07-22 00:38:54,618 [INFO] ThirdParty:1030 - CMSIS Pack Vendor :STMicroelectronics FP-ATR-ASTRA1 2.0.0
2024-07-22 00:38:54,618 [INFO] ThirdParty:1030 - CMSIS Pack Vendor :STMicroelectronics lwIP 2.1.2
2024-07-22 00:38:54,618 [INFO] ThirdParty:1030 - CMSIS Pack Vendor :STMicroelectronics X-CUBE-SFXS2LP1 4.0.0
2024-07-22 00:38:54,618 [INFO] ThirdParty:1030 - CMSIS Pack Vendor :STMicroelectronics X-CUBE-BLE2 3.3.0
2024-07-22 00:38:54,618 [INFO] ThirdParty:1030 - CMSIS Pack Vendor :STMicroelectronics X-CUBE-TOF1 3.4.1
2024-07-22 00:38:54,618 [INFO] ThirdParty:1030 - CMSIS Pack Vendor :STMicroelectronics X-CUBE-AZRTOS-H7 3.2.0
2024-07-22 00:38:54,618 [INFO] ThirdParty:1030 - CMSIS Pack Vendor :Infineon AIROC-Wi-Fi-Bluetooth-STM32 1.6.0
2024-07-22 00:38:54,618 [INFO] ThirdParty:1030 - CMSIS Pack Vendor :STMicroelectronics PDM2PCM 3.2.0
2024-07-22 00:38:54,618 [INFO] ThirdParty:1030 - CMSIS Pack Vendor :wolfSSL I-CUBE-wolfSSH 1.4.17
2024-07-22 00:38:54,618 [INFO] ThirdParty:841 - exiting critical section [change project]
2024-07-22 00:38:54,720 [INFO] PinOutPanel:1499 - setPackage(No Configuration,No Configuration)
2024-07-22 00:38:54,720 [INFO] PinOutPanel:1499 - setPackage(STM32F401RETx,LQFP64)
2024-07-22 00:38:54,907 [INFO] UtilMem:75 - Before build in PCC Used Memory: 354312048 Bytes (1017118720)
2024-07-22 00:38:55,122 [INFO] UtilMem:75 - After build in PCC Used Memory: 397830000 Bytes (1017118720)
2024-07-22 00:38:55,150 [INFO] IPUIPlugin:80 - create IPUIPlugin
2024-07-22 00:38:55,150 [INFO] IPUIPlugin:80 - create IPUIPlugin
2024-07-22 00:38:55,150 [INFO] IPUIPlugin:80 - create IPUIPlugin
2024-07-22 00:38:55,150 [INFO] IPUIPlugin:80 - create IPUIPlugin
2024-07-22 00:38:55,150 [INFO] IPUIPlugin:80 - create IPUIPlugin
2024-07-22 00:38:55,150 [INFO] IPUIPlugin:80 - create IPUIPlugin
2024-07-22 00:38:55,151 [INFO] IPUIPlugin:80 - create IPUIPlugin
2024-07-22 00:38:55,151 [INFO] IPUIPlugin:80 - create IPUIPlugin
2024-07-22 00:38:55,151 [INFO] IPUIPlugin:80 - create IPUIPlugin
2024-07-22 00:38:55,151 [INFO] IPUIPlugin:80 - create IPUIPlugin
2024-07-22 00:38:55,151 [INFO] IPUIPlugin:80 - create IPUIPlugin
2024-07-22 00:38:55,151 [INFO] IPUIPlugin:80 - create IPUIPlugin
2024-07-22 00:38:55,152 [INFO] IPUIPlugin:80 - create IPUIPlugin
2024-07-22 00:38:55,152 [INFO] IPUIPlugin:80 - create IPUIPlugin
2024-07-22 00:38:55,153 [INFO] IPUIPlugin:80 - create IPUIPlugin
2024-07-22 00:38:55,153 [INFO] IPUIPlugin:80 - create IPUIPlugin
2024-07-22 00:38:55,153 [INFO] IPUIPlugin:80 - create IPUIPlugin
2024-07-22 00:38:55,154 [INFO] IPUIPlugin:80 - create IPUIPlugin
2024-07-22 00:38:55,154 [INFO] IPUIPlugin:80 - create IPUIPlugin
2024-07-22 00:38:55,155 [INFO] IPUIPlugin:80 - create IPUIPlugin
2024-07-22 00:38:55,155 [INFO] IPUIPlugin:80 - create IPUIPlugin
2024-07-22 00:38:55,155 [INFO] IPUIPlugin:80 - create IPUIPlugin
2024-07-22 00:38:55,156 [INFO] IPUIPlugin:80 - create IPUIPlugin
2024-07-22 00:38:55,156 [INFO] IPUIPlugin:80 - create IPUIPlugin
2024-07-22 00:38:55,156 [INFO] IPUIPlugin:80 - create IPUIPlugin
2024-07-22 00:38:55,157 [INFO] IPUIPlugin:80 - create IPUIPlugin
2024-07-22 00:38:55,157 [INFO] IPUIPlugin:80 - create IPUIPlugin
2024-07-22 00:38:55,157 [INFO] IPUIPlugin:80 - create IPUIPlugin
2024-07-22 00:38:55,158 [INFO] IPUIPlugin:80 - create IPUIPlugin
2024-07-22 00:38:55,158 [INFO] IPUIPlugin:80 - create IPUIPlugin
2024-07-22 00:38:55,159 [INFO] IPUIPlugin:80 - create IPUIPlugin
2024-07-22 00:38:55,159 [INFO] IPUIPlugin:80 - create IPUIPlugin
2024-07-22 00:38:55,160 [INFO] IPUIPlugin:80 - create IPUIPlugin
2024-07-22 00:38:55,160 [INFO] IPUIPlugin:80 - create IPUIPlugin
2024-07-22 00:38:55,161 [INFO] IPUIPlugin:80 - create IPUIPlugin
2024-07-22 00:38:55,162 [INFO] IPUIPlugin:80 - create IPUIPlugin
2024-07-22 00:38:55,162 [INFO] IPUIPlugin:80 - create IPUIPlugin
2024-07-22 00:38:55,163 [INFO] IPUIPlugin:80 - create IPUIPlugin
2024-07-22 00:38:55,166 [INFO] ApiDbMcu:507 - Load IP Config File for PDM2PCM
2024-07-22 00:38:55,230 [INFO] CADModel:165 - CPN selected for project levelSTM32F401RET6
2024-07-22 00:38:55,230 [INFO] CADModel:114 - Register for checkConnection events
2024-07-22 00:38:55,295 [INFO] OpenFileManager:328 - Restore cursor
2024-07-22 00:39:15,440 [INFO] NvicIntPanel:101 - NVIC parent = com.st.microxplorer.plugins.ip.nvic.MultiNvicIntPanel[,0,0,0x0,invalid,layout=javax.swing.BoxLayout,alignmentX=0.0,alignmentY=0.0,border=,flags=9,maximumSize=,minimumSize=,preferredSize=]
2024-07-22 00:39:17,204 [INFO] NvicIntPanel:101 - NVIC parent = com.st.microxplorer.plugins.ip.nvic.MultiNvicIntPanel[,0,0,0x0,invalid,layout=javax.swing.BoxLayout,alignmentX=0.0,alignmentY=0.0,border=,flags=9,maximumSize=,minimumSize=,preferredSize=]
2024-07-22 00:39:24,742 [INFO] NvicIntPanel:101 - NVIC parent = com.st.microxplorer.plugins.ip.nvic.MultiNvicIntPanel[,0,0,0x0,invalid,layout=javax.swing.BoxLayout,alignmentX=0.0,alignmentY=0.0,border=,flags=9,maximumSize=,minimumSize=,preferredSize=]
2024-07-22 00:39:42,520 [INFO] NvicIntPanel:101 - NVIC parent = com.st.microxplorer.plugins.ip.nvic.MultiNvicIntPanel[,0,0,0x0,invalid,layout=javax.swing.BoxLayout,alignmentX=0.0,alignmentY=0.0,border=,flags=9,maximumSize=,minimumSize=,preferredSize=]
2024-07-22 00:39:48,681 [INFO] NvicIntPanel:101 - NVIC parent = com.st.microxplorer.plugins.ip.nvic.MultiNvicIntPanel[,0,0,0x0,invalid,layout=javax.swing.BoxLayout,alignmentX=0.0,alignmentY=0.0,border=,flags=9,maximumSize=,minimumSize=,preferredSize=]
2024-07-22 00:39:49,940 [INFO] NvicIntPanel:101 - NVIC parent = com.st.microxplorer.plugins.ip.nvic.MultiNvicIntPanel[,0,0,0x0,invalid,layout=javax.swing.BoxLayout,alignmentX=0.0,alignmentY=0.0,border=,flags=9,maximumSize=,minimumSize=,preferredSize=]
2024-07-22 00:40:08,827 [INFO] UtilMem:75 - End SaveConfig() Used Memory: 675173096 Bytes (1017118720)
2024-07-22 00:40:09,514 [INFO] UtilMem:75 - End SaveConfig() Used Memory: 731210648 Bytes (1017118720)
2024-07-22 00:40:09,723 [INFO] BlockDiagram:2759 - set Specific Code input for plugin: NVIC
2024-07-22 00:40:09,723 [INFO] BlockDiagram:2759 - set Specific Code input for plugin: USART
2024-07-22 00:40:09,723 [INFO] BlockDiagram:2759 - set Specific Code input for plugin: TIM1_8
2024-07-22 00:40:09,723 [INFO] BlockDiagram:2759 - set Specific Code input for plugin: TIM1_8
2024-07-22 00:40:09,723 [INFO] BlockDiagram:2759 - set Specific Code input for plugin: TIM1_8
2024-07-22 00:40:09,723 [INFO] BlockDiagram:2759 - set Specific Code input for plugin: SYS
2024-07-22 00:40:09,723 [INFO] BlockDiagram:2759 - set Specific Code input for plugin: GPIO
2024-07-22 00:40:09,723 [INFO] BlockDiagram:2759 - set Specific Code input for plugin: RCC
2024-07-22 00:40:09,724 [INFO] CodeGenerator:799 - code generatio: config db path: C:\Users\Kago\Desktop\STM32CubeIDE_1.13.2\STM32CubeIDE\plugins\com.st.stm32cube.common.mx_6.9.2.202309101412\\db\
2024-07-22 00:40:09,954 [INFO] CodeEngine:255 - oldGeneratedFile, C:\Users\Kago\Desktop\ECE298\stm32_ide_workspace\HCSR04_Test\MXTmpFiles\license.tmp_save
2024-07-22 00:40:10,086 [INFO] CodeEngine:279 - Generated code: C:\Users\Kago\Desktop\ECE298\stm32_ide_workspace\HCSR04_Test\MXTmpFiles\license.tmp
2024-07-22 00:40:10,109 [INFO] CodeEngine:255 - oldGeneratedFile, C:\Users\Kago\Desktop\ECE298\stm32_ide_workspace\HCSR04_Test\MXTmpFiles\gpio.tmp_save
2024-07-22 00:40:10,229 [INFO] CodeEngine:279 - Generated code: C:\Users\Kago\Desktop\ECE298\stm32_ide_workspace\HCSR04_Test\MXTmpFiles\gpio.tmp
2024-07-22 00:40:10,326 [INFO] CodeEngine:255 - oldGeneratedFile, C:\Users\Kago\Desktop\ECE298\stm32_ide_workspace\HCSR04_Test\Core\Src\stm32f4xx_it.c_save
2024-07-22 00:40:10,470 [INFO] CodeEngine:279 - Generated code: C:\Users\Kago\Desktop\ECE298\stm32_ide_workspace\HCSR04_Test\Core\Src\stm32f4xx_it.c
2024-07-22 00:40:10,478 [INFO] CodeEngine:255 - oldGeneratedFile, C:\Users\Kago\Desktop\ECE298\stm32_ide_workspace\HCSR04_Test\Core\Inc\stm32f4xx_it.h_save
2024-07-22 00:40:10,607 [INFO] CodeEngine:279 - Generated code: C:\Users\Kago\Desktop\ECE298\stm32_ide_workspace\HCSR04_Test\Core\Inc\stm32f4xx_it.h
2024-07-22 00:40:10,620 [INFO] CodeEngine:255 - oldGeneratedFile, C:\Users\Kago\Desktop\ECE298\stm32_ide_workspace\HCSR04_Test\Core\Src\stm32f4xx_hal_msp.c_save
2024-07-22 00:40:10,801 [INFO] CodeEngine:279 - Generated code: C:\Users\Kago\Desktop\ECE298\stm32_ide_workspace\HCSR04_Test\Core\Src\stm32f4xx_hal_msp.c
2024-07-22 00:40:10,805 [INFO] CodeEngine:255 - oldGeneratedFile, C:\Users\Kago\Desktop\ECE298\stm32_ide_workspace\HCSR04_Test\MXTmpFiles\system.tmp_save
2024-07-22 00:40:10,927 [INFO] CodeEngine:279 - Generated code: C:\Users\Kago\Desktop\ECE298\stm32_ide_workspace\HCSR04_Test\MXTmpFiles\system.tmp
2024-07-22 00:40:10,936 [INFO] CodeEngine:311 - oldGeneratedFile, C:\Users\Kago\Desktop\ECE298\stm32_ide_workspace\HCSR04_Test\Core\Inc\stm32f4xx_hal_conf.h_save
2024-07-22 00:40:11,075 [INFO] CodeEngine:335 - Generated code: C:\Users\Kago\Desktop\ECE298\stm32_ide_workspace\HCSR04_Test\Core\Inc\stm32f4xx_hal_conf.h
2024-07-22 00:40:11,094 [WARN] IPConfigManager:3431 - IP not found : TIM
2024-07-22 00:40:11,094 [WARN] CodeGenerator:3764 - IP not found : null
2024-07-22 00:40:11,103 [INFO] CodeEngine:255 - oldGeneratedFile, C:\Users\Kago\Desktop\ECE298\stm32_ide_workspace\HCSR04_Test\Core\Inc\main.h_save
2024-07-22 00:40:11,226 [INFO] CodeEngine:279 - Generated code: C:\Users\Kago\Desktop\ECE298\stm32_ide_workspace\HCSR04_Test\Core\Inc\main.h
2024-07-22 00:40:11,234 [INFO] CodeEngine:255 - oldGeneratedFile, C:\Users\Kago\Desktop\ECE298\stm32_ide_workspace\HCSR04_Test\Core\Src\main.c_save
2024-07-22 00:40:11,413 [INFO] CodeEngine:279 - Generated code: C:\Users\Kago\Desktop\ECE298\stm32_ide_workspace\HCSR04_Test\Core\Src\main.c
2024-07-22 00:40:11,863 [INFO] ProjectBuilder:3064 - Time for Copy HAL[1] : 126mS.
2024-07-22 00:40:11,866 [INFO] ProjectBuilder:4404 - Project Generator version: 4.1.0
2024-07-22 00:40:12,285 [INFO] ConfigFileManager:1457 - The Die is : DIE433
2024-07-22 00:40:12,288 [INFO] ApiDbMcu:507 - Load IP Config File for FATFS
2024-07-22 00:40:12,293 [INFO] ApiDbMcu:507 - Load IP Config File for FREERTOS
2024-07-22 00:40:12,295 [INFO] ApiDbMcu:507 - Load IP Config File for LIBJPEG
2024-07-22 00:40:12,302 [INFO] ApiDbMcu:507 - Load IP Config File for MBEDTLS
2024-07-22 00:40:12,311 [INFO] ApiDbMcu:507 - Load IP Config File for USB_DEVICE
2024-07-22 00:40:12,315 [INFO] ApiDbMcu:507 - Load IP Config File for USB_HOST
2024-07-22 00:40:13,768 [INFO] ProjectBuilder:4626 - Time for Generating toolchain IDE Files: 1902mS.
2024-07-22 00:40:13,769 [INFO] ProjectBuilder:2935 - Time for Copy CMSIS : 0mS.
2024-07-22 00:40:13,774 [INFO] ProjectBuilder:2935 - Time for Copy CMSIS : 1mS.
2024-07-22 00:43:12,615 [INFO] MainUpdater:2868 - connection check result : 10
2024-07-22 00:43:12,615 [INFO] MainUpdater:2868 - connection check result : 10
2024-07-22 00:43:12,626 [INFO] MicroXplorer:468 - Change Database Path : 
2024-07-22 00:43:12,626 [INFO] MicroXplorer:498 - Change Database Version : DB.6.0.92
2024-07-22 00:43:12,638 [WARN] ThirdParty:871 - waiting for thirdparty lock release [close project]
2024-07-22 00:43:12,638 [INFO] ThirdParty:873 - entering critical section [close project]
2024-07-22 00:43:12,638 [INFO] ThirdParty:883 - exiting critical section [close project]
2024-07-22 00:43:12,639 [INFO] PinOutPanel:1499 - setPackage(No Configuration,No Configuration)
2024-07-22 00:43:12,643 [WARN] IpParametersView:151 - Warning: This peripheral hasn't parameters
2024-07-22 00:43:12,645 [WARN] MainPanel:272 - <html><b><center>Warning: This peripheral has no parameters to be configured<br></b></html>
2024-07-22 00:43:12,647 [INFO] UtilMem:75 - Begin LoadConfig() Used Memory: 617238400 Bytes (1073741824)
2024-07-22 00:43:12,648 [INFO] MicroXplorer:468 - Change Database Path : 
2024-07-22 00:43:12,648 [INFO] MicroXplorer:498 - Change Database Version : DB.6.0.92
2024-07-22 00:43:12,648 [INFO] OpenFileManager:308 - Change cursor
2024-07-22 00:43:12,657 [INFO] RulesReader:64 - Compatibility file has been processed (293 Rules)
2024-07-22 00:43:12,659 [INFO] Mcu:1946 - Initializing MCU STM32F401R(D-E)Tx STM32F401RETx STM32F401RET6
2024-07-22 00:43:13,707 [INFO] Context:659 - Trying to add GPIOservice into a context  which must be forbidden
2024-07-22 00:43:13,970 [INFO] RtosManager:555 - Registered RTOS mode: class=CMSIS, group=RTOS, mode=CMSIS_V1, owner=FREERTOS
2024-07-22 00:43:13,970 [INFO] RtosManager:555 - Registered RTOS mode: class=CMSIS, group=RTOS2, mode=CMSIS_V2, owner=FREERTOS
2024-07-22 00:43:13,970 [INFO] RtosManager:555 - Registered RTOS mode: class=RTOS, group=Core, mode=CMSIS_V1, owner=FREERTOS
2024-07-22 00:43:13,970 [INFO] RtosManager:555 - Registered RTOS mode: class=RTOS, group=Core, mode=CMSIS_V2, owner=FREERTOS
2024-07-22 00:43:13,970 [WARN] ModelIntegratedComponent:184 - Missing modes for component STMicroelectronics:FreeRTOS:0.0.1:STMicroelectronics:RTOS:FreeRTOS:Core:::10.2.0:
2024-07-22 00:43:13,977 [WARN] ModelIntegratedComponent:63 - No mode defined for component null
2024-07-22 00:43:13,977 [WARN] ModelIntegratedComponent:63 - No mode defined for component null
2024-07-22 00:43:13,978 [WARN] ModelIntegratedComponent:63 - No mode defined for component null
2024-07-22 00:43:13,978 [WARN] ModelIntegratedComponent:63 - No mode defined for component null
2024-07-22 00:43:13,978 [WARN] ModelIntegratedComponent:63 - No mode defined for component null
2024-07-22 00:43:13,978 [WARN] ModelIntegratedComponent:63 - No mode defined for component null
2024-07-22 00:43:13,978 [WARN] ModelIntegratedComponent:63 - No mode defined for component null
2024-07-22 00:43:13,978 [WARN] ModelIntegratedComponent:63 - No mode defined for component null
2024-07-22 00:43:13,978 [WARN] ModelIntegratedComponent:63 - No mode defined for component null
2024-07-22 00:43:13,978 [WARN] ModelIntegratedComponent:63 - No mode defined for component null
2024-07-22 00:43:13,978 [WARN] ModelIntegratedComponent:63 - No mode defined for component null
2024-07-22 00:43:13,978 [WARN] ModelIntegratedComponent:63 - No mode defined for component null
2024-07-22 00:43:13,978 [WARN] ModelIntegratedComponent:63 - No mode defined for component null
2024-07-22 00:43:13,978 [WARN] ModelIntegratedComponent:63 - No mode defined for component null
2024-07-22 00:43:13,978 [WARN] ModelIntegratedComponent:63 - No mode defined for component null
2024-07-22 00:43:13,978 [WARN] ModelIntegratedComponent:63 - No mode defined for component null
2024-07-22 00:43:13,978 [WARN] ModelIntegratedComponent:63 - No mode defined for component null
2024-07-22 00:43:13,978 [WARN] ModelIntegratedComponent:63 - No mode defined for component null
2024-07-22 00:43:13,978 [WARN] ModelIntegratedComponent:63 - No mode defined for component null
2024-07-22 00:43:13,978 [WARN] ModelIntegratedComponent:63 - No mode defined for component null
2024-07-22 00:43:13,978 [WARN] ModelIntegratedComponent:63 - No mode defined for component null
2024-07-22 00:43:13,978 [WARN] ModelIntegratedComponent:63 - No mode defined for component null
2024-07-22 00:43:13,978 [WARN] ModelIntegratedComponent:63 - No mode defined for component null
2024-07-22 00:43:13,979 [WARN] ModelIntegratedComponent:63 - No mode defined for component null
2024-07-22 00:43:13,979 [WARN] ModelIntegratedComponent:63 - No mode defined for component null
2024-07-22 00:43:13,979 [WARN] ModelIntegratedComponent:63 - No mode defined for component null
2024-07-22 00:43:13,979 [WARN] ModelIntegratedComponent:63 - No mode defined for component null
2024-07-22 00:43:13,979 [WARN] ModelIntegratedComponent:63 - No mode defined for component null
2024-07-22 00:43:13,979 [WARN] ModelIntegratedComponent:63 - No mode defined for component null
2024-07-22 00:43:13,979 [WARN] ModelIntegratedComponent:63 - No mode defined for component null
2024-07-22 00:43:13,979 [WARN] ModelIntegratedComponent:63 - No mode defined for component null
2024-07-22 00:43:13,979 [WARN] ModelIntegratedComponent:63 - No mode defined for component null
2024-07-22 00:43:13,979 [WARN] ModelIntegratedComponent:63 - No mode defined for component null
2024-07-22 00:43:14,176 [INFO] ThirdPartyModel:298 - Start build external matchings
2024-07-22 00:43:14,608 [INFO] ThirdPartyModel:316 - End build external matchings
2024-07-22 00:43:14,616 [INFO] ImportTextPane:194 - (OptionalMessage_ERROR) IP (RCC) : Parameter (RTCHSEDivFreq_Value) has invalid value (4000000)
2024-07-22 00:43:14,810 [INFO] UtilMem:75 - End LoadConfig() Used Memory: 561230776 Bytes (1073741824)
2024-07-22 00:43:14,849 [WARN] ThirdParty:833 - waiting for thirdparty lock release [change project]
2024-07-22 00:43:14,849 [INFO] ThirdParty:835 - entering critical section [change project]
2024-07-22 00:43:14,849 [INFO] ThirdParty:1030 - CMSIS Pack Vendor :STMicroelectronics USBPD 4.1
2024-07-22 00:43:14,849 [INFO] ThirdParty:1030 - CMSIS Pack Vendor :STMicroelectronics X-CUBE-GNSS1 6.0.0
2024-07-22 00:43:14,849 [INFO] ThirdParty:1030 - CMSIS Pack Vendor :STMicroelectronics USB_HOST 2.0.0
2024-07-22 00:43:14,849 [INFO] ThirdParty:1030 - CMSIS Pack Vendor :STMicroelectronics FP-SNS-MOTENVWB1 1.4.0
2024-07-22 00:43:14,849 [INFO] ThirdParty:1030 - CMSIS Pack Vendor :STMicroelectronics X-CUBE-AZRTOS-F4 1.1.0
2024-07-22 00:43:14,849 [INFO] ThirdParty:1030 - CMSIS Pack Vendor :STMicroelectronics LIBJPEG 8.0.0
2024-07-22 00:43:14,849 [INFO] ThirdParty:1030 - CMSIS Pack Vendor :STMicroelectronics X-CUBE-SMBUS 2.1.0
2024-07-22 00:43:14,849 [INFO] ThirdParty:1030 - CMSIS Pack Vendor :STMicroelectronics USB_DEVICE 3.0.0
2024-07-22 00:43:14,849 [INFO] ThirdParty:1030 - CMSIS Pack Vendor :STMicroelectronics X-CUBE-TCPP 4.1.0
2024-07-22 00:43:14,849 [INFO] ThirdParty:1030 - CMSIS Pack Vendor :STMicroelectronics X-CUBE-FREERTOS 1.2.0
2024-07-22 00:43:14,849 [INFO] ThirdParty:1030 - CMSIS Pack Vendor :STMicroelectronics X-CUBE-AZRTOS-WB 2.0.0
2024-07-22 00:43:14,849 [INFO] ThirdParty:1030 - CMSIS Pack Vendor :STMicroelectronics X-CUBE-TOUCHGFX 4.23.2
2024-07-22 00:43:14,849 [INFO] ThirdParty:1030 - CMSIS Pack Vendor :STMicroelectronics X-CUBE-AZRTOS-F7 1.1.0
2024-07-22 00:43:14,849 [INFO] ThirdParty:1030 - CMSIS Pack Vendor :STMicroelectronics X-CUBE-AZRTOS-L5 2.0.0
2024-07-22 00:43:14,849 [INFO] ThirdParty:1030 - CMSIS Pack Vendor :STMicroelectronics USB_DEVICE 2.0.0
2024-07-22 00:43:14,849 [INFO] ThirdParty:1030 - CMSIS Pack Vendor :STMicroelectronics X-CUBE-NFC6 3.1.0
2024-07-22 00:43:14,849 [INFO] ThirdParty:1030 - CMSIS Pack Vendor :STMicroelectronics FreeRTOS 0.0.1
2024-07-22 00:43:14,849 [INFO] ThirdParty:1030 - CMSIS Pack Vendor :STMicroelectronics X-CUBE-AZRTOS-G0 1.1.0
2024-07-22 00:43:14,849 [INFO] ThirdParty:1030 - CMSIS Pack Vendor :STMicroelectronics X-CUBE-SAFEA1 1.2.2
2024-07-22 00:43:14,849 [INFO] ThirdParty:1030 - CMSIS Pack Vendor :STMicroelectronics X-CUBE-NFC4 3.0.0
2024-07-22 00:43:14,850 [INFO] ThirdParty:1030 - CMSIS Pack Vendor :STMicroelectronics X-CUBE-SUBG2 5.0.0
2024-07-22 00:43:14,850 [INFO] ThirdParty:1030 - CMSIS Pack Vendor :STMicroelectronics STM32_WPAN 1.0.0
2024-07-22 00:43:14,850 [INFO] ThirdParty:1030 - CMSIS Pack Vendor :STMicroelectronics lwIP 2.0.3
2024-07-22 00:43:14,850 [INFO] ThirdParty:1030 - CMSIS Pack Vendor :STMicroelectronics FP-SNS-FLIGHT1 5.0.2
2024-07-22 00:43:14,850 [INFO] ThirdParty:1030 - CMSIS Pack Vendor :Cesanta I-CUBE-Mongoose 7.13.0
2024-07-22 00:43:14,850 [INFO] ThirdParty:1030 - CMSIS Pack Vendor :STMicroelectronics USB_HOST 1.0.0
2024-07-22 00:43:14,850 [INFO] ThirdParty:1030 - CMSIS Pack Vendor :STMicroelectronics X-CUBE-AI 9.0.0
2024-07-22 00:43:14,850 [INFO] ThirdParty:1030 - CMSIS Pack Vendor :STMicroelectronics X-CUBE-AZRTOS-G4 2.0.0
2024-07-22 00:43:14,850 [INFO] ThirdParty:1030 - CMSIS Pack Vendor :STMicroelectronics PDM2PCM 3.1.0
2024-07-22 00:43:14,850 [INFO] ThirdParty:1030 - CMSIS Pack Vendor :STMicroelectronics PDM2PCM 3.3.0
2024-07-22 00:43:14,850 [INFO] ThirdParty:1030 - CMSIS Pack Vendor :STMicroelectronics X-CUBE-DISPLAY 3.0.0
2024-07-22 00:43:14,850 [INFO] ThirdParty:1030 - CMSIS Pack Vendor :wolfSSL I-CUBE-wolfSSL 5.7.0
2024-07-22 00:43:14,850 [INFO] ThirdParty:1030 - CMSIS Pack Vendor :STMicroelectronics X-CUBE-BLE1 7.0.0
2024-07-22 00:43:14,850 [INFO] ThirdParty:1030 - CMSIS Pack Vendor :STMicroelectronics FP-ATR-SIGFOX1 3.2.0
2024-07-22 00:43:14,850 [INFO] ThirdParty:1030 - CMSIS Pack Vendor :STMicroelectronics X-CUBE-ISPU 2.0.0
2024-07-22 00:43:14,850 [INFO] ThirdParty:1030 - CMSIS Pack Vendor :STMicroelectronics X-CUBE-EEPRMA1 5.1.0
2024-07-22 00:43:14,850 [INFO] ThirdParty:1030 - CMSIS Pack Vendor :STMicroelectronics HAL Drivers 0.0.0
2024-07-22 00:43:14,850 [INFO] ThirdParty:1030 - CMSIS Pack Vendor :STMicroelectronics MBEDTLS 2.16.2
2024-07-22 00:43:14,850 [INFO] ThirdParty:1030 - CMSIS Pack Vendor :STMicroelectronics X-CUBE-ALS 1.0.2
2024-07-22 00:43:14,850 [INFO] ThirdParty:1030 - CMSIS Pack Vendor :emotas I-CUBE-CANOPEN 1.3.0
2024-07-22 00:43:14,850 [INFO] ThirdParty:1030 - CMSIS Pack Vendor :STMicroelectronics X-CUBE-MEMS1 10.0.0
2024-07-22 00:43:14,850 [INFO] ThirdParty:1030 - CMSIS Pack Vendor :STMicroelectronics X-CUBE-NFC7 1.0.1
2024-07-22 00:43:14,850 [INFO] ThirdParty:1030 - CMSIS Pack Vendor :STMicroelectronics MBEDTLS 2.14.1
2024-07-22 00:43:14,850 [INFO] ThirdParty:1030 - CMSIS Pack Vendor :STMicroelectronics X-CUBE-TOUCHGFX 4.24.0
2024-07-22 00:43:14,850 [INFO] ThirdParty:1030 - CMSIS Pack Vendor :ITTIA_DB I-CUBE-ITTIADB 8.9.0
2024-07-22 00:43:14,851 [INFO] ThirdParty:1030 - CMSIS Pack Vendor :wolfSSL I-CUBE-wolfTPM 3.2.0
2024-07-22 00:43:14,851 [INFO] ThirdParty:1030 - CMSIS Pack Vendor :portGmbH I-Cube-SoM-uGOAL 1.1.0
2024-07-22 00:43:14,851 [INFO] ThirdParty:1030 - CMSIS Pack Vendor :STMicroelectronics X-CUBE-BLEMGR 3.1.0
2024-07-22 00:43:14,851 [INFO] ThirdParty:1030 - CMSIS Pack Vendor :STMicroelectronics ThreadX 1.0.0
2024-07-22 00:43:14,851 [INFO] ThirdParty:1030 - CMSIS Pack Vendor :STMicroelectronics FP-SNS-SMARTAG2 1.2.0
2024-07-22 00:43:14,851 [INFO] ThirdParty:1030 - CMSIS Pack Vendor :STMicroelectronics X-CUBE-AZRTOS-WL 2.0.0
2024-07-22 00:43:14,851 [INFO] ThirdParty:1030 - CMSIS Pack Vendor :SEGGER I-CUBE-embOS 1.3.1
2024-07-22 00:43:14,851 [INFO] ThirdParty:1030 - CMSIS Pack Vendor :STMicroelectronics X-CUBE-ALGOBUILD 1.4.0
2024-07-22 00:43:14,851 [INFO] ThirdParty:1030 - CMSIS Pack Vendor :STMicroelectronics FP-SNS-MOTENV1 5.0.0
2024-07-22 00:43:14,851 [INFO] ThirdParty:1030 - CMSIS Pack Vendor :STMicroelectronics USB_DEVICE 1.0.0
2024-07-22 00:43:14,851 [INFO] ThirdParty:1030 - CMSIS Pack Vendor :STMicroelectronics X-CUBE-AZRTOS-H7RS 1.0.0
2024-07-22 00:43:14,851 [INFO] ThirdParty:1030 - CMSIS Pack Vendor :wolfSSL I-CUBE-wolfMQTT 1.19.0
2024-07-22 00:43:14,851 [INFO] ThirdParty:1030 - CMSIS Pack Vendor :STMicroelectronics X-CUBE-AZRTOS-L4 2.0.0
2024-07-22 00:43:14,851 [INFO] ThirdParty:1030 - CMSIS Pack Vendor :STMicroelectronics ThreadX 0.0.2
2024-07-22 00:43:14,851 [INFO] ThirdParty:1030 - CMSIS Pack Vendor :WES I-CUBE-Cesium 1.3.0
2024-07-22 00:43:14,851 [INFO] ThirdParty:1030 - CMSIS Pack Vendor :STMicroelectronics FP-ATR-ASTRA1 2.0.0
2024-07-22 00:43:14,851 [INFO] ThirdParty:1030 - CMSIS Pack Vendor :STMicroelectronics lwIP 2.1.2
2024-07-22 00:43:14,851 [INFO] ThirdParty:1030 - CMSIS Pack Vendor :STMicroelectronics X-CUBE-SFXS2LP1 4.0.0
2024-07-22 00:43:14,851 [INFO] ThirdParty:1030 - CMSIS Pack Vendor :STMicroelectronics X-CUBE-BLE2 3.3.0
2024-07-22 00:43:14,851 [INFO] ThirdParty:1030 - CMSIS Pack Vendor :STMicroelectronics X-CUBE-TOF1 3.4.1
2024-07-22 00:43:14,851 [INFO] ThirdParty:1030 - CMSIS Pack Vendor :STMicroelectronics X-CUBE-AZRTOS-H7 3.2.0
2024-07-22 00:43:14,851 [INFO] ThirdParty:1030 - CMSIS Pack Vendor :Infineon AIROC-Wi-Fi-Bluetooth-STM32 1.6.0
2024-07-22 00:43:14,851 [INFO] ThirdParty:1030 - CMSIS Pack Vendor :STMicroelectronics PDM2PCM 3.2.0
2024-07-22 00:43:14,851 [INFO] ThirdParty:1030 - CMSIS Pack Vendor :wolfSSL I-CUBE-wolfSSH 1.4.17
2024-07-22 00:43:14,852 [INFO] ThirdParty:841 - exiting critical section [change project]
2024-07-22 00:43:14,936 [INFO] PinOutPanel:1499 - setPackage(No Configuration,No Configuration)
2024-07-22 00:43:14,936 [INFO] PinOutPanel:1499 - setPackage(STM32F401RETx,LQFP64)
2024-07-22 00:43:15,132 [INFO] UtilMem:75 - Before build in PCC Used Memory: 383868808 Bytes (1073741824)
2024-07-22 00:43:15,342 [INFO] UtilMem:75 - After build in PCC Used Memory: 428435352 Bytes (1073741824)
2024-07-22 00:43:15,364 [INFO] IPUIPlugin:80 - create IPUIPlugin
2024-07-22 00:43:15,364 [INFO] IPUIPlugin:80 - create IPUIPlugin
2024-07-22 00:43:15,364 [INFO] IPUIPlugin:80 - create IPUIPlugin
2024-07-22 00:43:15,364 [INFO] IPUIPlugin:80 - create IPUIPlugin
2024-07-22 00:43:15,364 [INFO] IPUIPlugin:80 - create IPUIPlugin
2024-07-22 00:43:15,364 [INFO] IPUIPlugin:80 - create IPUIPlugin
2024-07-22 00:43:15,364 [INFO] IPUIPlugin:80 - create IPUIPlugin
2024-07-22 00:43:15,364 [INFO] IPUIPlugin:80 - create IPUIPlugin
2024-07-22 00:43:15,365 [INFO] IPUIPlugin:80 - create IPUIPlugin
2024-07-22 00:43:15,365 [INFO] IPUIPlugin:80 - create IPUIPlugin
2024-07-22 00:43:15,365 [INFO] IPUIPlugin:80 - create IPUIPlugin
2024-07-22 00:43:15,365 [INFO] IPUIPlugin:80 - create IPUIPlugin
2024-07-22 00:43:15,365 [INFO] IPUIPlugin:80 - create IPUIPlugin
2024-07-22 00:43:15,365 [INFO] IPUIPlugin:80 - create IPUIPlugin
2024-07-22 00:43:15,365 [INFO] IPUIPlugin:80 - create IPUIPlugin
2024-07-22 00:43:15,366 [INFO] IPUIPlugin:80 - create IPUIPlugin
2024-07-22 00:43:15,366 [INFO] IPUIPlugin:80 - create IPUIPlugin
2024-07-22 00:43:15,366 [INFO] IPUIPlugin:80 - create IPUIPlugin
2024-07-22 00:43:15,366 [INFO] IPUIPlugin:80 - create IPUIPlugin
2024-07-22 00:43:15,366 [INFO] IPUIPlugin:80 - create IPUIPlugin
2024-07-22 00:43:15,367 [INFO] IPUIPlugin:80 - create IPUIPlugin
2024-07-22 00:43:15,367 [INFO] IPUIPlugin:80 - create IPUIPlugin
2024-07-22 00:43:15,367 [INFO] IPUIPlugin:80 - create IPUIPlugin
2024-07-22 00:43:15,367 [INFO] IPUIPlugin:80 - create IPUIPlugin
2024-07-22 00:43:15,367 [INFO] IPUIPlugin:80 - create IPUIPlugin
2024-07-22 00:43:15,367 [INFO] IPUIPlugin:80 - create IPUIPlugin
2024-07-22 00:43:15,368 [INFO] IPUIPlugin:80 - create IPUIPlugin
2024-07-22 00:43:15,368 [INFO] IPUIPlugin:80 - create IPUIPlugin
2024-07-22 00:43:15,368 [INFO] IPUIPlugin:80 - create IPUIPlugin
2024-07-22 00:43:15,368 [INFO] IPUIPlugin:80 - create IPUIPlugin
2024-07-22 00:43:15,368 [INFO] IPUIPlugin:80 - create IPUIPlugin
2024-07-22 00:43:15,369 [INFO] IPUIPlugin:80 - create IPUIPlugin
2024-07-22 00:43:15,369 [INFO] IPUIPlugin:80 - create IPUIPlugin
2024-07-22 00:43:15,369 [INFO] IPUIPlugin:80 - create IPUIPlugin
2024-07-22 00:43:15,370 [INFO] IPUIPlugin:80 - create IPUIPlugin
2024-07-22 00:43:15,370 [INFO] IPUIPlugin:80 - create IPUIPlugin
2024-07-22 00:43:15,370 [INFO] IPUIPlugin:80 - create IPUIPlugin
2024-07-22 00:43:15,370 [INFO] IPUIPlugin:80 - create IPUIPlugin
2024-07-22 00:43:15,373 [INFO] ApiDbMcu:507 - Load IP Config File for PDM2PCM
2024-07-22 00:43:15,429 [INFO] CADModel:165 - CPN selected for project levelSTM32F401RET6
2024-07-22 00:43:15,430 [INFO] CADModel:114 - Register for checkConnection events
2024-07-22 00:43:15,485 [INFO] OpenFileManager:328 - Restore cursor
2024-07-22 00:43:46,843 [INFO] NvicIntPanel:101 - NVIC parent = com.st.microxplorer.plugins.ip.nvic.MultiNvicIntPanel[,0,0,738x406,layout=javax.swing.BoxLayout,alignmentX=0.0,alignmentY=0.0,border=,flags=9,maximumSize=,minimumSize=,preferredSize=]
2024-07-22 00:43:48,897 [INFO] NvicIntPanel:101 - NVIC parent = com.st.microxplorer.plugins.ip.nvic.MultiNvicIntPanel[,0,0,0x0,invalid,layout=javax.swing.BoxLayout,alignmentX=0.0,alignmentY=0.0,border=,flags=9,maximumSize=,minimumSize=,preferredSize=]
2024-07-22 00:43:55,593 [INFO] NvicIntPanel:101 - NVIC parent = com.st.microxplorer.plugins.ip.nvic.MultiNvicIntPanel[,0,0,0x0,invalid,layout=javax.swing.BoxLayout,alignmentX=0.0,alignmentY=0.0,border=,flags=9,maximumSize=,minimumSize=,preferredSize=]
2024-07-22 00:44:07,349 [INFO] NvicIntPanel:101 - NVIC parent = com.st.microxplorer.plugins.ip.nvic.MultiNvicIntPanel[,0,0,0x0,invalid,layout=javax.swing.BoxLayout,alignmentX=0.0,alignmentY=0.0,border=,flags=9,maximumSize=,minimumSize=,preferredSize=]
2024-07-22 00:44:08,554 [INFO] NvicIntPanel:101 - NVIC parent = com.st.microxplorer.plugins.ip.nvic.MultiNvicIntPanel[,0,0,0x0,invalid,layout=javax.swing.BoxLayout,alignmentX=0.0,alignmentY=0.0,border=,flags=9,maximumSize=,minimumSize=,preferredSize=]
2024-07-22 00:44:19,973 [INFO] UtilMem:75 - End SaveConfig() Used Memory: 713329328 Bytes (1073741824)
2024-07-22 00:44:20,594 [INFO] UtilMem:75 - End SaveConfig() Used Memory: 741602304 Bytes (1073741824)
2024-07-22 00:44:20,778 [INFO] BlockDiagram:2759 - set Specific Code input for plugin: NVIC
2024-07-22 00:44:20,778 [INFO] BlockDiagram:2759 - set Specific Code input for plugin: USART
2024-07-22 00:44:20,778 [INFO] BlockDiagram:2759 - set Specific Code input for plugin: TIM1_8
2024-07-22 00:44:20,778 [INFO] BlockDiagram:2759 - set Specific Code input for plugin: TIM1_8
2024-07-22 00:44:20,778 [INFO] BlockDiagram:2759 - set Specific Code input for plugin: TIM1_8
2024-07-22 00:44:20,778 [INFO] BlockDiagram:2759 - set Specific Code input for plugin: TIM1_8
2024-07-22 00:44:20,778 [INFO] BlockDiagram:2759 - set Specific Code input for plugin: SYS
2024-07-22 00:44:20,778 [INFO] BlockDiagram:2759 - set Specific Code input for plugin: GPIO
2024-07-22 00:44:20,778 [INFO] BlockDiagram:2759 - set Specific Code input for plugin: ADC
2024-07-22 00:44:20,778 [INFO] BlockDiagram:2759 - set Specific Code input for plugin: RCC
2024-07-22 00:44:20,779 [INFO] CodeGenerator:799 - code generatio: config db path: C:\Users\Kago\Desktop\STM32CubeIDE_1.13.2\STM32CubeIDE\plugins\com.st.stm32cube.common.mx_6.9.2.202309101412\\db\
2024-07-22 00:44:21,081 [INFO] CodeEngine:255 - oldGeneratedFile, C:\Users\Kago\Desktop\ECE298\stm32_ide_workspace\Final_Demo\MXTmpFiles\license.tmp_save
2024-07-22 00:44:21,248 [INFO] CodeEngine:279 - Generated code: C:\Users\Kago\Desktop\ECE298\stm32_ide_workspace\Final_Demo\MXTmpFiles\license.tmp
2024-07-22 00:44:21,323 [INFO] CodeEngine:255 - oldGeneratedFile, C:\Users\Kago\Desktop\ECE298\stm32_ide_workspace\Final_Demo\MXTmpFiles\gpio.tmp_save
2024-07-22 00:44:21,495 [INFO] CodeEngine:279 - Generated code: C:\Users\Kago\Desktop\ECE298\stm32_ide_workspace\Final_Demo\MXTmpFiles\gpio.tmp
2024-07-22 00:44:21,758 [INFO] CodeEngine:255 - oldGeneratedFile, C:\Users\Kago\Desktop\ECE298\stm32_ide_workspace\Final_Demo\Core\Src\stm32f4xx_it.c_save
2024-07-22 00:44:21,918 [INFO] CodeEngine:279 - Generated code: C:\Users\Kago\Desktop\ECE298\stm32_ide_workspace\Final_Demo\Core\Src\stm32f4xx_it.c
2024-07-22 00:44:21,925 [INFO] CodeEngine:255 - oldGeneratedFile, C:\Users\Kago\Desktop\ECE298\stm32_ide_workspace\Final_Demo\Core\Inc\stm32f4xx_it.h_save
2024-07-22 00:44:22,041 [INFO] CodeEngine:279 - Generated code: C:\Users\Kago\Desktop\ECE298\stm32_ide_workspace\Final_Demo\Core\Inc\stm32f4xx_it.h
2024-07-22 00:44:22,052 [INFO] CodeEngine:255 - oldGeneratedFile, C:\Users\Kago\Desktop\ECE298\stm32_ide_workspace\Final_Demo\Core\Src\stm32f4xx_hal_msp.c_save
2024-07-22 00:44:22,255 [INFO] CodeEngine:279 - Generated code: C:\Users\Kago\Desktop\ECE298\stm32_ide_workspace\Final_Demo\Core\Src\stm32f4xx_hal_msp.c
2024-07-22 00:44:22,260 [INFO] CodeEngine:255 - oldGeneratedFile, C:\Users\Kago\Desktop\ECE298\stm32_ide_workspace\Final_Demo\MXTmpFiles\system.tmp_save
2024-07-22 00:44:22,378 [INFO] CodeEngine:279 - Generated code: C:\Users\Kago\Desktop\ECE298\stm32_ide_workspace\Final_Demo\MXTmpFiles\system.tmp
2024-07-22 00:44:22,386 [INFO] CodeEngine:311 - oldGeneratedFile, C:\Users\Kago\Desktop\ECE298\stm32_ide_workspace\Final_Demo\Core\Inc\stm32f4xx_hal_conf.h_save
2024-07-22 00:44:22,518 [INFO] CodeEngine:335 - Generated code: C:\Users\Kago\Desktop\ECE298\stm32_ide_workspace\Final_Demo\Core\Inc\stm32f4xx_hal_conf.h
2024-07-22 00:44:22,537 [WARN] IPConfigManager:3431 - IP not found : TIM
2024-07-22 00:44:22,538 [WARN] CodeGenerator:3764 - IP not found : null
2024-07-22 00:44:22,547 [INFO] CodeEngine:255 - oldGeneratedFile, C:\Users\Kago\Desktop\ECE298\stm32_ide_workspace\Final_Demo\Core\Inc\main.h_save
2024-07-22 00:44:22,703 [INFO] CodeEngine:279 - Generated code: C:\Users\Kago\Desktop\ECE298\stm32_ide_workspace\Final_Demo\Core\Inc\main.h
2024-07-22 00:44:22,711 [INFO] CodeEngine:255 - oldGeneratedFile, C:\Users\Kago\Desktop\ECE298\stm32_ide_workspace\Final_Demo\Core\Src\main.c_save
2024-07-22 00:44:22,948 [INFO] CodeEngine:279 - Generated code: C:\Users\Kago\Desktop\ECE298\stm32_ide_workspace\Final_Demo\Core\Src\main.c
2024-07-22 00:44:23,624 [INFO] ProjectBuilder:3064 - Time for Copy HAL[1] : 149mS.
2024-07-22 00:44:23,627 [INFO] ProjectBuilder:4404 - Project Generator version: 4.1.0
2024-07-22 00:44:23,848 [INFO] ConfigFileManager:1457 - The Die is : DIE433
2024-07-22 00:44:23,851 [INFO] ApiDbMcu:507 - Load IP Config File for FATFS
2024-07-22 00:44:23,855 [INFO] ApiDbMcu:507 - Load IP Config File for FREERTOS
2024-07-22 00:44:23,857 [INFO] ApiDbMcu:507 - Load IP Config File for LIBJPEG
2024-07-22 00:44:23,861 [INFO] ApiDbMcu:507 - Load IP Config File for MBEDTLS
2024-07-22 00:44:23,867 [INFO] ApiDbMcu:507 - Load IP Config File for USB_DEVICE
2024-07-22 00:44:23,870 [INFO] ApiDbMcu:507 - Load IP Config File for USB_HOST
2024-07-22 00:44:25,405 [INFO] ProjectBuilder:4626 - Time for Generating toolchain IDE Files: 1778mS.
2024-07-22 00:44:25,406 [INFO] ProjectBuilder:2935 - Time for Copy CMSIS : 1mS.
2024-07-22 00:44:25,409 [INFO] ProjectBuilder:2935 - Time for Copy CMSIS : 0mS.
2024-07-22 19:33:38,994 [INFO] Activator:176 - 


2024-07-22 19:33:39,000 [INFO] Activator:177 - !SESSION log4j initialized
2024-07-22 19:33:50,899 [INFO] LogOutputStream:77 - [STDOUT_REDIRECT] 
